JvmtiExport can_access_local_variables 0
JvmtiExport can_hotswap_or_post_breakpoint 0
JvmtiExport can_post_on_exceptions 0
# 294 ciObject found
instanceKlass com/fasterxml/jackson/databind/deser/BeanDeserializer$1
instanceKlass com/fasterxml/jackson/databind/annotation/JacksonStdImpl
instanceKlass com/fasterxml/jackson/databind/util/LinkedNode
instanceKlass com/fasterxml/jackson/databind/deser/impl/BeanPropertyMap
instanceKlass com/fasterxml/jackson/annotation/JsonCreator
instanceKlass com/fasterxml/jackson/databind/node/TreeTraversingParser$1
instanceKlass com/fasterxml/jackson/databind/introspect/POJOPropertyBuilder$1
instanceKlass com/fasterxml/jackson/databind/PropertyMetadata
instanceKlass com/fasterxml/jackson/databind/introspect/POJOPropertyBuilder$7
instanceKlass com/fasterxml/jackson/databind/introspect/POJOPropertyBuilder$6
instanceKlass com/fasterxml/jackson/databind/introspect/POJOPropertyBuilder$5
instanceKlass com/fasterxml/jackson/databind/introspect/POJOPropertyBuilder$4
instanceKlass com/fasterxml/jackson/databind/ObjectMapper$2
instanceKlass com/fasterxml/jackson/databind/jsontype/impl/StdTypeResolverBuilder$1
instanceKlass com/fasterxml/jackson/annotation/JsonSubTypes
instanceKlass com/fasterxml/jackson/annotation/JsonTypeName
instanceKlass com/fasterxml/jackson/databind/jsontype/NamedType
instanceKlass com/fasterxml/jackson/databind/util/ArrayBuilders
instanceKlass com/fasterxml/jackson/databind/deser/BeanDeserializerBuilder
instanceKlass com/fasterxml/jackson/annotation/JsonPropertyOrder
instanceKlass com/fasterxml/jackson/databind/annotation/JsonNaming
instanceKlass com/fasterxml/jackson/databind/introspect/POJOPropertyBuilder$10
instanceKlass com/fasterxml/jackson/databind/introspect/POJOPropertyBuilder$9
instanceKlass com/fasterxml/jackson/annotation/JacksonInject
instanceKlass com/fasterxml/jackson/annotation/JsonSetter
instanceKlass com/fasterxml/jackson/databind/introspect/POJOPropertyBuilder$Linked
instanceKlass com/fasterxml/jackson/databind/introspect/POJOPropertyBuilder$WithMember
instanceKlass com/fasterxml/jackson/annotation/JsonAutoDetect$1
instanceKlass com/fasterxml/jackson/databind/util/BeanUtil
instanceKlass com/fasterxml/jackson/annotation/JsonProperty
instanceKlass com/fasterxml/jackson/annotation/JsonGetter
instanceKlass com/fasterxml/jackson/annotation/JsonValue
instanceKlass com/fasterxml/jackson/annotation/JsonAnyGetter
instanceKlass com/fasterxml/jackson/annotation/JsonAnySetter
instanceKlass com/fasterxml/jackson/databind/introspect/TypeResolutionContext$Basic
instanceKlass com/fasterxml/jackson/databind/introspect/MemberKey
instanceKlass com/fasterxml/jackson/databind/introspect/AnnotatedMethodMap
instanceKlass com/fasterxml/jackson/databind/deser/impl/CreatorCollector
instanceKlass com/fasterxml/jackson/core/JsonLocation
instanceKlass com/fasterxml/jackson/databind/annotation/JsonValueInstantiator
instanceKlass java/net/SocketAddress
instanceKlass com/fasterxml/jackson/databind/deser/std/JdkDeserializers
instanceKlass org/w3c/dom/Document
instanceKlass org/w3c/dom/Node
instanceKlass com/fasterxml/jackson/databind/ext/OptionalHandlerFactory
instanceKlass com/fasterxml/jackson/annotation/JacksonAnnotationsInside
instanceKlass com/fasterxml/jackson/annotation/JsonTypeInfo$None
instanceKlass com/fasterxml/jackson/databind/jsontype/impl/TypeIdResolverBase
instanceKlass com/fasterxml/jackson/databind/annotation/JsonTypeIdResolver
instanceKlass com/fasterxml/jackson/annotation/JsonIdentityInfo
instanceKlass com/fasterxml/jackson/databind/introspect/POJOPropertiesCollector
instanceKlass com/fasterxml/jackson/databind/ser/impl/PropertySerializerMap$SerializerAndMapResult
instanceKlass com/fasterxml/jackson/databind/ser/std/StdKeySerializers
instanceKlass com/fasterxml/jackson/databind/ser/BasicSerializerFactory$1
instanceKlass com/fasterxml/jackson/annotation/JsonInclude
instanceKlass com/fasterxml/jackson/databind/ser/impl/PropertySerializerMap
instanceKlass com/fasterxml/jackson/annotation/JsonIgnoreProperties
instanceKlass com/fasterxml/jackson/annotation/JsonFilter
instanceKlass com/fasterxml/jackson/databind/util/ArrayIterator
instanceKlass com/fasterxml/jackson/databind/annotation/JsonTypeResolver
instanceKlass java/util/zip/ZipUtils
instanceKlass java/lang/Package$1
instanceKlass com/fasterxml/jackson/databind/util/ClassUtil$Ctor
instanceKlass com/fasterxml/jackson/databind/util/ClassUtil$ClassMetadata
instanceKlass com/fasterxml/jackson/databind/type/TypeBindings$TypeParamStash
instanceKlass com/fasterxml/jackson/databind/util/ClassUtil
instanceKlass com/fasterxml/jackson/databind/type/ClassStack
instanceKlass com/fasterxml/jackson/databind/util/TypeKey
instanceKlass com/fasterxml/jackson/databind/ser/impl/ReadOnlyClassToSerializerMap$Bucket
instanceKlass com/fasterxml/jackson/databind/ser/impl/ReadOnlyClassToSerializerMap
instanceKlass com/fasterxml/jackson/databind/util/TokenBuffer$Segment
instanceKlass com/fasterxml/jackson/core/JsonStreamContext
instanceKlass com/google/api/client/util/DataMap$Entry
instanceKlass com/google/api/client/util/ArrayMap$EntryIterator
instanceKlass com/google/api/client/util/DataMap$EntryIterator
instanceKlass com/google/api/client/util/GenericData$EntryIterator
instanceKlass com/fasterxml/jackson/databind/type/ClassKey
instanceKlass com/fasterxml/jackson/databind/ObjectMapper$1
instanceKlass com/google/cloud/dataflow/sdk/util/CoderUtils$Jackson2Module$Mixin
instanceKlass com/fasterxml/jackson/core/Version
instanceKlass com/fasterxml/jackson/databind/jsontype/TypeIdResolver
instanceKlass com/fasterxml/jackson/databind/jsontype/TypeSerializer
instanceKlass com/fasterxml/jackson/databind/jsontype/TypeDeserializer
instanceKlass com/fasterxml/jackson/databind/jsontype/impl/StdTypeResolverBuilder
instanceKlass com/fasterxml/jackson/databind/Module
instanceKlass com/google/cloud/dataflow/sdk/util/Serializer$SingletonHelper
instanceKlass com/google/cloud/dataflow/sdk/util/Serializer
instanceKlass java/util/IdentityHashMap$IdentityHashMapIterator
instanceKlass com/google/api/client/json/JsonFactory
instanceKlass com/google/api/client/util/DateTime
instanceKlass java/math/MathContext
instanceKlass com/google/api/client/util/Data
instanceKlass com/google/api/client/util/Key
instanceKlass com/google/api/client/util/Value
instanceKlass com/google/api/client/util/FieldInfo
instanceKlass com/google/api/client/util/ClassInfo$1
instanceKlass com/google/api/client/repackaged/com/google/common/base/Preconditions
instanceKlass com/google/api/client/util/Preconditions
instanceKlass com/google/api/client/util/ClassInfo
instanceKlass com/google/cloud/dataflow/sdk/util/WindowedValue$1
instanceKlass sun/nio/cs/UTF_8$1
instanceKlass com/google/protobuf/RopeByteString$PieceIterator
instanceKlass com/google/cloud/dataflow/sdk/transforms/windowing/PaneInfo
instanceKlass com/google/cloud/dataflow/sdk/util/StreamUtils
instanceKlass sun/nio/ch/IOStatus
instanceKlass java/nio/DirectByteBuffer$Deallocator
instanceKlass sun/nio/ch/Util$BufferCache
instanceKlass sun/nio/ch/Util$2
instanceKlass sun/nio/ch/Util
instanceKlass sun/nio/ch/NativeThread
instanceKlass java/nio/channels/spi/AbstractInterruptibleChannel$1
instanceKlass sun/nio/ch/Interruptible
instanceKlass sun/nio/ch/FileDispatcherImpl$1
instanceKlass sun/nio/ch/NativeDispatcher
instanceKlass sun/nio/ch/NativeThreadSet
instanceKlass sun/nio/ch/IOUtil$1
instanceKlass sun/nio/ch/IOUtil
instanceKlass java/nio/file/attribute/FileAttribute
instanceKlass java/nio/channels/spi/AbstractInterruptibleChannel
instanceKlass java/nio/channels/InterruptibleChannel
instanceKlass java/nio/channels/ScatteringByteChannel
instanceKlass java/nio/channels/GatheringByteChannel
instanceKlass com/google/protobuf/ByteString$ByteIterator
instanceKlass com/google/cloud/dataflow/sdk/io/range/OffsetRangeTracker
instanceKlass com/google/cloud/dataflow/sdk/io/range/RangeTracker
instanceKlass org/apache/commons/compress/compressors/bzip2/BZip2Constants
instanceKlass sun/nio/fs/AbstractBasicFileAttributeView
instanceKlass sun/nio/fs/DynamicFileAttributeView
instanceKlass sun/nio/fs/WindowsFileAttributeViews
instanceKlass java/nio/file/attribute/BasicFileAttributeView
instanceKlass java/nio/file/attribute/FileAttributeView
instanceKlass java/nio/file/attribute/AttributeView
instanceKlass java/nio/file/CopyOption
instanceKlass java/nio/file/OpenOption
instanceKlass java/util/LinkedList$ListItr
instanceKlass org/slf4j/helpers/FormattingTuple
instanceKlass org/slf4j/helpers/MessageFormatter
instanceKlass com/google/cloud/dataflow/sdk/util/common/CounterSet$AddCounterMutator
instanceKlass com/google/cloud/dataflow/sdk/runners/AggregatorValues
instanceKlass java/util/Formatter$DateTime
instanceKlass java/util/ResourceBundle$Control$1
instanceKlass sun/util/logging/LoggingSupport$2
instanceKlass java/util/logging/Formatter
instanceKlass java/util/logging/ErrorManager
instanceKlass java/util/logging/LogRecord
instanceKlass com/google/cloud/dataflow/sdk/io/FileBasedSink$FileResult
instanceKlass com/google/cloud/dataflow/sdk/util/PCollectionViews$1
instanceKlass com/google/cloud/dataflow/sdk/io/Write$Bound$ApplyShardingKey
instanceKlass com/google/cloud/dataflow/sdk/transforms/windowing/Window$Unbound
instanceKlass com/google/cloud/dataflow/sdk/transforms/windowing/Window
instanceKlass com/google/cloud/dataflow/sdk/transforms/View$CreatePCollectionView$1
instanceKlass com/google/cloud/dataflow/sdk/repackaged/com/google/common/primitives/Ints
instanceKlass com/google/cloud/dataflow/sdk/repackaged/com/google/common/collect/AbstractMapBasedMultiset$1
instanceKlass com/google/cloud/dataflow/sdk/repackaged/com/google/common/collect/Multiset$Entry
instanceKlass com/google/cloud/dataflow/sdk/repackaged/com/google/common/collect/SortedMultiset
instanceKlass com/google/cloud/dataflow/sdk/repackaged/com/google/common/collect/SortedMultisetBridge
instanceKlass com/google/cloud/dataflow/sdk/repackaged/com/google/common/collect/Multisets
instanceKlass com/google/cloud/dataflow/sdk/values/TupleTag
instanceKlass com/google/cloud/dataflow/sdk/values/PCollectionView
instanceKlass com/google/cloud/dataflow/sdk/util/PCollectionViews
instanceKlass com/google/cloud/dataflow/sdk/transforms/View
instanceKlass com/google/cloud/dataflow/sdk/io/Write$1
instanceKlass com/google/cloud/dataflow/sdk/repackaged/com/google/common/base/Optional
instanceKlass com/google/cloud/dataflow/sdk/transforms/Create$1
instanceKlass com/google/cloud/dataflow/sdk/transforms/Create
instanceKlass com/google/cloud/dataflow/sdk/io/Sink$Writer
instanceKlass com/google/cloud/dataflow/sdk/io/Write
instanceKlass com/google/cloud/dataflow/sdk/io/Sink$WriteOperation
instanceKlass com/google/cloud/dataflow/sdk/io/Sink
instanceKlass com/google/cloud/dataflow/sdk/io/TextIO$Write
instanceKlass com/google/cloud/dataflow/sdk/runners/DirectPipelineRunner$ValueWithMetadata
instanceKlass com/google/cloud/dataflow/sdk/runners/DirectPipelineRunner$Evaluator
instanceKlass com/google/cloud/dataflow/sdk/runners/DirectPipelineRunner$EvaluationContext
instanceKlass com/google/cloud/dataflow/sdk/Pipeline$PipelineVisitor
instanceKlass java/io/ObjectInputStream$GetField
instanceKlass java/io/ObjectOutputStream$PutField
instanceKlass java/util/stream/LongStream
instanceKlass java/util/stream/IntStream
instanceKlass java/util/stream/DoubleStream
instanceKlass java/util/stream/BaseStream
instanceKlass com/google/cloud/dataflow/sdk/util/PerKeyCombineFnRunners$1
instanceKlass com/google/cloud/dataflow/sdk/util/PerKeyCombineFnRunners$KeyedCombineFnRunner
instanceKlass com/google/cloud/dataflow/sdk/transforms/CombineWithContext$RequiresContextInternal
instanceKlass com/google/cloud/dataflow/sdk/util/PerKeyCombineFnRunner
instanceKlass com/google/cloud/dataflow/sdk/util/PerKeyCombineFnRunners
instanceKlass com/google/cloud/dataflow/sdk/util/CoderUtils
instanceKlass com/google/cloud/dataflow/sdk/transforms/Combine$Holder
instanceKlass com/google/cloud/dataflow/sdk/transforms/CombineFnBase
instanceKlass com/google/cloud/dataflow/sdk/transforms/Count$1
instanceKlass java/util/function/Predicate
instanceKlass java/util/function/Consumer
instanceKlass java/util/Spliterator
instanceKlass java/util/function/UnaryOperator
instanceKlass com/google/cloud/dataflow/sdk/util/ExecutableTrigger$1
instanceKlass com/google/cloud/dataflow/sdk/transforms/windowing/WindowFn$MergeContext
instanceKlass com/google/cloud/dataflow/sdk/transforms/windowing/WindowFn$AssignContext
instanceKlass com/google/cloud/dataflow/sdk/transforms/windowing/OutputTimeFn$1
instanceKlass org/joda/time/base/BaseSingleFieldPeriod
instanceKlass org/joda/time/base/AbstractInterval
instanceKlass org/joda/time/ReadableInterval
instanceKlass org/joda/time/base/AbstractPeriod
instanceKlass org/joda/time/ReadablePeriod
instanceKlass org/joda/time/PeriodType
instanceKlass com/google/cloud/dataflow/sdk/util/state/StateTags$1
instanceKlass com/google/cloud/dataflow/sdk/util/state/BagState
instanceKlass com/google/cloud/dataflow/sdk/util/state/CombiningState
instanceKlass com/google/cloud/dataflow/sdk/util/state/StateTag$StateBinder
instanceKlass com/google/cloud/dataflow/sdk/util/AppliedCombineFn
instanceKlass com/google/cloud/dataflow/sdk/util/state/MergingStateAccessor
instanceKlass com/google/cloud/dataflow/sdk/util/ReduceFn$Context
instanceKlass com/google/cloud/dataflow/sdk/util/state/ReadableState
instanceKlass com/google/cloud/dataflow/sdk/util/state/StateAccessor
instanceKlass com/google/cloud/dataflow/sdk/util/common/Counter
instanceKlass com/google/cloud/dataflow/sdk/transforms/DoFn$DelegatingAggregator
instanceKlass com/google/cloud/dataflow/sdk/coders/DelegateCoder$CodingFunction
instanceKlass com/google/cloud/dataflow/sdk/util/state/StateTags$StructuredId
instanceKlass com/google/cloud/dataflow/sdk/util/state/State
instanceKlass com/google/cloud/dataflow/sdk/util/state/StateTags$StateTagBase
instanceKlass com/google/cloud/dataflow/sdk/util/state/StateTags$SystemStateTag
instanceKlass com/google/cloud/dataflow/sdk/util/state/StateTag
instanceKlass com/google/cloud/dataflow/sdk/util/state/StateTags
instanceKlass com/google/cloud/dataflow/sdk/util/TimerInternals
instanceKlass com/google/cloud/dataflow/sdk/util/ReduceFn
instanceKlass com/google/cloud/dataflow/sdk/util/common/CounterProvider
instanceKlass com/google/cloud/dataflow/sdk/util/WindowedValue
instanceKlass com/google/cloud/dataflow/sdk/transforms/GroupByKey$GroupingKey
instanceKlass com/google/cloud/dataflow/sdk/transforms/GroupByKey$1
instanceKlass com/google/cloud/dataflow/sdk/coders/DefaultCoder
instanceKlass com/google/cloud/dataflow/sdk/transforms/display/DisplayData$FormattedItemValue
instanceKlass com/google/cloud/dataflow/sdk/transforms/display/DisplayData$Item
instanceKlass org/joda/time/format/DateTimePrinterInternalPrinter
instanceKlass org/joda/time/format/DateTimeFormatterBuilder$MatchingParser
instanceKlass org/joda/time/format/DateTimeParserInternalParser
instanceKlass org/joda/time/format/InternalParserDateTimeParser
instanceKlass org/joda/time/format/DateTimeParser
instanceKlass org/joda/time/format/DateTimeFormatterBuilder$TimeZoneOffset
instanceKlass org/joda/time/format/DateTimeFormatterBuilder$Fraction
instanceKlass org/joda/time/format/DateTimeFormatterBuilder$StringLiteral
instanceKlass org/joda/time/format/DateTimeFormatterBuilder$CharacterLiteral
instanceKlass org/joda/time/format/DateTimeFormatter
instanceKlass org/joda/time/format/DateTimeFormatterBuilder$Composite
instanceKlass org/joda/time/format/DateTimeFormatterBuilder$NumberFormatter
instanceKlass org/joda/time/format/InternalParser
instanceKlass org/joda/time/format/InternalPrinter
instanceKlass org/joda/time/format/DateTimeFormatterBuilder
instanceKlass org/joda/time/format/ISODateTimeFormat$Constants
instanceKlass org/joda/time/format/ISODateTimeFormat
instanceKlass com/google/cloud/dataflow/sdk/transforms/display/DisplayData
instanceKlass com/google/cloud/dataflow/sdk/transforms/Combine
instanceKlass com/google/cloud/dataflow/sdk/transforms/CombineFnBase$AbstractPerKeyCombineFn
instanceKlass com/google/cloud/dataflow/sdk/transforms/CombineFnBase$PerKeyCombineFn
instanceKlass sun/reflect/generics/tree/ArrayTypeSignature
instanceKlass sun/reflect/generics/tree/ByteSignature
instanceKlass com/google/cloud/dataflow/sdk/values/TimestampedValue
instanceKlass com/google/cloud/dataflow/sdk/values/KV
instanceKlass com/google/protobuf/ByteString
instanceKlass com/google/cloud/dataflow/sdk/repackaged/com/google/common/reflect/Parameter
instanceKlass com/google/cloud/dataflow/sdk/repackaged/com/google/common/reflect/Types$ClassOwnership$1LocalClass
instanceKlass com/google/cloud/dataflow/sdk/repackaged/com/google/common/reflect/Types$ParameterizedTypeImpl
instanceKlass com/google/cloud/dataflow/sdk/repackaged/com/google/common/reflect/TypeToken$TypeCollector
instanceKlass com/google/cloud/dataflow/sdk/coders/CoderFactories$CoderFactoryFromStaticMethods
instanceKlass com/google/cloud/dataflow/sdk/coders/CoderFactory
instanceKlass com/google/cloud/dataflow/sdk/coders/CoderFactories
instanceKlass com/google/cloud/dataflow/sdk/coders/CoderProviders$FirstOf
instanceKlass com/google/cloud/dataflow/sdk/coders/CoderProviders
instanceKlass com/google/cloud/dataflow/sdk/coders/SerializableCoder$1
instanceKlass com/google/cloud/dataflow/sdk/coders/protobuf/ProtoCoder$1
instanceKlass com/google/protobuf/ExtensionRegistryLite
instanceKlass com/google/cloud/dataflow/sdk/coders/CoderRegistry
instanceKlass com/google/cloud/dataflow/sdk/coders/CoderProvider
instanceKlass com/google/cloud/dataflow/sdk/transforms/Count
instanceKlass java/lang/reflect/AnnotatedType
instanceKlass com/google/cloud/dataflow/sdk/repackaged/com/google/common/reflect/Reflection
instanceKlass com/google/cloud/dataflow/sdk/repackaged/com/google/common/reflect/Types$TypeVariableInvocationHandler
instanceKlass com/google/cloud/dataflow/sdk/repackaged/com/google/common/reflect/Types$TypeVariableImpl
instanceKlass com/google/cloud/dataflow/sdk/repackaged/com/google/common/reflect/Types$1
instanceKlass com/google/cloud/dataflow/sdk/repackaged/com/google/common/reflect/Types
instanceKlass com/google/cloud/dataflow/sdk/repackaged/com/google/common/reflect/Types$NativeTypeVariableEquals
instanceKlass com/google/cloud/dataflow/sdk/repackaged/com/google/common/reflect/TypeResolver$TypeVariableKey
instanceKlass com/google/cloud/dataflow/sdk/repackaged/com/google/common/reflect/TypeResolver$WildcardCapturer
instanceKlass com/google/cloud/dataflow/sdk/repackaged/com/google/common/reflect/TypeVisitor
instanceKlass com/google/cloud/dataflow/sdk/repackaged/com/google/common/reflect/TypeResolver$TypeTable
instanceKlass com/google/cloud/dataflow/sdk/repackaged/com/google/common/reflect/TypeResolver
instanceKlass java/lang/Class$EnclosingMethodInfo
instanceKlass com/google/cloud/dataflow/sdk/transforms/DoFnReflector$1
instanceKlass com/google/cloud/dataflow/sdk/util/WindowingInternals
instanceKlass com/google/cloud/dataflow/sdk/transforms/DoFnReflector$2
instanceKlass com/google/cloud/dataflow/sdk/transforms/DoFnReflector$ExtraContextInfo
instanceKlass com/google/cloud/dataflow/sdk/repackaged/com/google/common/reflect/TypeCapture
instanceKlass com/google/cloud/dataflow/sdk/transforms/DoFn$RequiresWindowAccess
instanceKlass com/google/cloud/dataflow/sdk/transforms/DoFnReflector
instanceKlass java/io/SerialCallbackContext
instanceKlass java/util/function/BiConsumer
instanceKlass com/google/cloud/dataflow/sdk/transforms/SerializableFunction
instanceKlass com/google/cloud/dataflow/sdk/transforms/DoFn$Context
instanceKlass com/google/cloud/dataflow/sdk/transforms/ParDo$Unbound
instanceKlass com/google/cloud/dataflow/sdk/transforms/ParDo$2
instanceKlass com/google/cloud/dataflow/sdk/transforms/ParDo$1
instanceKlass com/google/cloud/dataflow/sdk/util/SideInputReader
instanceKlass com/google/cloud/dataflow/sdk/util/DoFnRunners$OutputManager
instanceKlass com/google/cloud/dataflow/sdk/transforms/ParDo
instanceKlass com/google/cloud/dataflow/sdk/transforms/CombineFnBase$AbstractGlobalCombineFn
instanceKlass com/google/cloud/dataflow/sdk/transforms/CombineFnBase$GlobalCombineFn
instanceKlass com/google/cloud/dataflow/sdk/transforms/Aggregator
instanceKlass com/google/cloud/dataflow/sdk/values/TypeDescriptor
instanceKlass com/google/cloud/dataflow/sdk/repackaged/com/google/common/base/Objects
instanceKlass com/google/cloud/dataflow/sdk/transforms/AppliedPTransform
instanceKlass java/util/Collections$1
instanceKlass com/google/cloud/dataflow/sdk/util/ExecutableTrigger
instanceKlass com/google/cloud/dataflow/sdk/transforms/windowing/Trigger$TriggerContext
instanceKlass org/joda/time/chrono/BasicChronology$YearInfo
instanceKlass org/joda/time/chrono/AssembledChronology$Fields
instanceKlass org/joda/time/tz/DefaultNameProvider
instanceKlass org/joda/time/tz/ZoneInfoProvider
instanceKlass org/joda/time/tz/NameProvider
instanceKlass org/joda/time/tz/Provider
instanceKlass org/joda/time/DateTimeZone
instanceKlass org/joda/time/DateTimeFieldType
instanceKlass org/joda/time/DurationFieldType
instanceKlass org/joda/time/DurationField
instanceKlass org/joda/time/DateTimeField
instanceKlass org/joda/time/Chronology
instanceKlass org/joda/time/base/AbstractInstant
instanceKlass org/joda/time/ReadableInstant
instanceKlass com/google/cloud/dataflow/sdk/transforms/windowing/BoundedWindow
instanceKlass com/google/cloud/dataflow/sdk/transforms/windowing/OutputTimeFn
instanceKlass com/google/cloud/dataflow/sdk/transforms/windowing/Trigger
instanceKlass com/google/cloud/dataflow/sdk/transforms/windowing/TriggerBuilder
instanceKlass com/google/cloud/dataflow/sdk/transforms/windowing/WindowFn
instanceKlass com/google/cloud/dataflow/sdk/util/WindowingStrategy
instanceKlass sun/misc/ObjectInputFilter$Config$$Lambda$2
instanceKlass java/lang/invoke/LambdaForm$DMH
instanceKlass sun/misc/ObjectInputFilter
instanceKlass sun/misc/ObjectInputFilter$Config
instanceKlass java/io/ObjectInputStream$ValidationList
instanceKlass java/io/ObjectInputStream$HandleTable$HandleList
instanceKlass java/io/ObjectInputStream$HandleTable
instanceKlass java/lang/invoke/LambdaForm$MH
instanceKlass java/lang/invoke/LambdaForm$MH
instanceKlass java/lang/invoke/InnerClassLambdaMetafactory$1
instanceKlass java/io/ObjectInputStream$$Lambda$1
instanceKlass java/lang/invoke/InfoFromMemberName
instanceKlass java/lang/invoke/MethodHandleInfo
instanceKlass sun/security/util/SecurityConstants
instanceKlass java/security/AccessController$1
instanceKlass java/lang/invoke/AbstractValidatingLambdaMetafactory
instanceKlass java/lang/invoke/LambdaForm$BMH
instanceKlass java/lang/invoke/LambdaForm$BMH
instanceKlass java/lang/invoke/LambdaForm$BMH
instanceKlass java/lang/invoke/LambdaForm$BMH
instanceKlass jdk/internal/org/objectweb/asm/FieldVisitor
instanceKlass java/lang/invoke/BoundMethodHandle$Factory$1
instanceKlass java/lang/invoke/BoundMethodHandle$SpeciesData$1
instanceKlass java/lang/invoke/LambdaForm$BMH
instanceKlass java/lang/invoke/LambdaForm$MH
instanceKlass java/lang/invoke/LambdaForm$BMH
instanceKlass java/lang/invoke/LambdaForm$MH
instanceKlass java/lang/invoke/LambdaForm$DMH
instanceKlass java/lang/invoke/LambdaForm$DMH
instanceKlass java/lang/invoke/LambdaForm$BMH
instanceKlass java/lang/invoke/LambdaForm$BMH
instanceKlass java/lang/invoke/LambdaForm$MH
instanceKlass java/lang/invoke/LambdaFormBuffer
instanceKlass java/lang/invoke/LambdaFormEditor
instanceKlass java/lang/invoke/LambdaForm$BMH
instanceKlass java/lang/invoke/LambdaForm$DMH
instanceKlass java/lang/invoke/LambdaForm$DMH
instanceKlass java/lang/invoke/LambdaForm$DMH
instanceKlass java/lang/invoke/LambdaForm$DMH
instanceKlass java/lang/invoke/LambdaForm$MH
instanceKlass java/lang/invoke/LambdaForm$DMH
instanceKlass java/lang/invoke/LambdaForm$DMH
instanceKlass java/lang/invoke/LambdaForm$MH
instanceKlass java/lang/invoke/LambdaForm$DMH
instanceKlass java/lang/invoke/LambdaForm$DMH
instanceKlass java/lang/invoke/LambdaForm$MH
instanceKlass java/lang/invoke/LambdaForm$DMH
instanceKlass java/lang/invoke/LambdaForm$DMH
instanceKlass java/lang/invoke/LambdaForm$MH
instanceKlass java/lang/invoke/LambdaForm$DMH
instanceKlass java/lang/invoke/LambdaForm$DMH
instanceKlass java/lang/invoke/LambdaForm$MH
instanceKlass java/lang/invoke/LambdaForm$DMH
instanceKlass java/lang/invoke/LambdaForm$MH
instanceKlass java/lang/invoke/LambdaForm$DMH
instanceKlass java/lang/invoke/LambdaForm$DMH
instanceKlass java/lang/invoke/LambdaForm$MH
instanceKlass java/lang/invoke/LambdaForm$DMH
instanceKlass java/lang/invoke/LambdaForm$DMH
instanceKlass java/lang/invoke/LambdaForm$MH
instanceKlass java/lang/invoke/LambdaForm$DMH
instanceKlass java/lang/invoke/LambdaForm$MH
instanceKlass java/lang/invoke/LambdaForm$DMH
instanceKlass java/lang/invoke/LambdaForm$MH
instanceKlass java/lang/invoke/LambdaForm$DMH
instanceKlass java/lang/invoke/LambdaForm$DMH
instanceKlass java/lang/invoke/MethodHandleImpl$Lazy
instanceKlass java/lang/invoke/LambdaForm$BMH
instanceKlass java/lang/invoke/LambdaForm$MH
instanceKlass java/lang/invoke/LambdaForm$DMH
instanceKlass java/lang/invoke/LambdaForm$DMH
instanceKlass sun/misc/JavaObjectInputStreamAccess
instanceKlass java/lang/invoke/LambdaForm$DMH
instanceKlass java/lang/invoke/LambdaForm$DMH
instanceKlass sun/misc/ObjectStreamClassValidator
instanceKlass java/lang/invoke/LambdaForm$DMH
instanceKlass java/util/SubList$1
instanceKlass java/lang/invoke/LambdaForm$MH
instanceKlass java/lang/invoke/LambdaForm$MH
instanceKlass java/lang/invoke/LambdaForm$MH
instanceKlass java/lang/invoke/LambdaForm$MH
instanceKlass java/lang/invoke/LambdaForm$MH
instanceKlass java/lang/invoke/LambdaForm$MH
instanceKlass java/lang/invoke/LambdaForm$MH
instanceKlass java/lang/invoke/LambdaForm$MH
instanceKlass java/lang/invoke/LambdaForm$MH
instanceKlass java/lang/invoke/LambdaForm$MH
instanceKlass java/lang/invoke/LambdaForm$MH
instanceKlass java/lang/invoke/LambdaForm$MH
instanceKlass java/lang/invoke/InvokerBytecodeGenerator$CpPatch
instanceKlass java/lang/invoke/LambdaForm$DMH
instanceKlass java/lang/invoke/LambdaForm$DMH
instanceKlass java/lang/invoke/LambdaForm$DMH
instanceKlass java/lang/invoke/LambdaForm$DMH
instanceKlass java/lang/invoke/LambdaForm$DMH
instanceKlass sun/invoke/empty/Empty
instanceKlass sun/invoke/util/VerifyType
instanceKlass java/lang/invoke/InvokerBytecodeGenerator$2
instanceKlass jdk/internal/org/objectweb/asm/AnnotationVisitor
instanceKlass jdk/internal/org/objectweb/asm/Frame
instanceKlass jdk/internal/org/objectweb/asm/Label
instanceKlass jdk/internal/org/objectweb/asm/Type
instanceKlass jdk/internal/org/objectweb/asm/MethodVisitor
instanceKlass jdk/internal/org/objectweb/asm/Item
instanceKlass jdk/internal/org/objectweb/asm/ByteVector
instanceKlass jdk/internal/org/objectweb/asm/ClassVisitor
instanceKlass java/lang/invoke/InvokerBytecodeGenerator
instanceKlass java/lang/invoke/DirectMethodHandle$Lazy
instanceKlass sun/invoke/util/BytecodeDescriptor
instanceKlass java/lang/invoke/BoundMethodHandle$Factory
instanceKlass java/lang/invoke/BoundMethodHandle$SpeciesData
instanceKlass java/lang/invoke/LambdaForm$NamedFunction
instanceKlass java/lang/invoke/LambdaForm$Name
instanceKlass sun/invoke/util/ValueConversions
instanceKlass sun/invoke/util/VerifyAccess
instanceKlass sun/invoke/util/Wrapper$Format
instanceKlass java/lang/invoke/MethodHandles
instanceKlass java/lang/invoke/Invokers
instanceKlass java/lang/invoke/MethodTypeForm
instanceKlass java/lang/invoke/MethodType$ConcurrentWeakInternSet
instanceKlass java/lang/invoke/MethodHandles$Lookup
instanceKlass java/lang/invoke/LambdaMetafactory
instanceKlass java/io/ObjectInputStream$1
instanceKlass sun/misc/JavaOISAccess
instanceKlass com/google/cloud/dataflow/sdk/repackaged/com/google/common/base/MoreObjects$ToStringHelper$ValueHolder
instanceKlass com/google/cloud/dataflow/sdk/options/ValueProvider$NestedValueProvider
instanceKlass com/google/cloud/dataflow/sdk/repackaged/com/google/common/base/MoreObjects$ToStringHelper
instanceKlass com/google/cloud/dataflow/sdk/repackaged/com/google/common/base/MoreObjects
instanceKlass com/google/cloud/dataflow/sdk/io/FileBasedSource$3
instanceKlass com/google/cloud/dataflow/sdk/util/common/ElementByteSizeObserver
instanceKlass java/util/Observer
instanceKlass com/google/cloud/dataflow/sdk/coders/Coder$Context
instanceKlass com/google/cloud/dataflow/sdk/io/CompressedSource$1
instanceKlass java/io/ObjectStreamClass$ExceptionInfo
instanceKlass java/io/ObjectStreamClass$ClassDataSlot
instanceKlass java/io/ObjectStreamClass$5
instanceKlass java/io/ObjectStreamClass$4
instanceKlass java/io/ObjectStreamClass$3
instanceKlass java/io/ObjectStreamClass$MemberSignature
instanceKlass java/io/ObjectStreamClass$1
instanceKlass com/google/cloud/dataflow/sdk/repackaged/com/google/common/util/concurrent/ListenableFuture
instanceKlass java/util/concurrent/Future
instanceKlass com/google/cloud/dataflow/sdk/repackaged/com/google/common/util/concurrent/ListeningExecutorService
instanceKlass java/io/ObjectStreamClass$FieldReflector
instanceKlass java/io/ObjectInput
instanceKlass java/util/ComparableTimSort
instanceKlass java/io/ObjectStreamClass$2
instanceKlass java/io/Externalizable
instanceKlass java/io/ObjectStreamClass$EntryFuture
instanceKlass java/io/ObjectStreamClass$Caches
instanceKlass java/io/ObjectStreamClass
instanceKlass java/io/Bits
instanceKlass java/io/ObjectOutputStream$ReplaceTable
instanceKlass java/io/ObjectOutputStream$HandleTable
instanceKlass org/xerial/snappy/SnappyNative
instanceKlass java/io/DeleteOnExitHook$1
instanceKlass java/io/DeleteOnExitHook
instanceKlass java/util/Formattable
instanceKlass java/util/Formatter$Conversion
instanceKlass java/util/Formatter$Flags
instanceKlass java/util/Formatter$FormatSpecifier
instanceKlass java/util/Formatter$FixedString
instanceKlass java/util/Formatter$FormatString
instanceKlass java/util/Locale$1
instanceKlass java/util/Formatter
instanceKlass sun/nio/fs/BasicFileAttributesHolder
instanceKlass sun/nio/fs/WindowsDirectoryStream$WindowsDirectoryIterator
instanceKlass sun/nio/fs/WindowsFileAttributes
instanceKlass java/nio/file/attribute/DosFileAttributes
instanceKlass java/nio/file/attribute/BasicFileAttributes
instanceKlass sun/nio/fs/NativeBuffer$Deallocator
instanceKlass sun/nio/fs/NativeBuffer
instanceKlass sun/nio/fs/NativeBuffers
instanceKlass sun/nio/fs/WindowsNativeDispatcher$BackupResult
instanceKlass sun/nio/fs/WindowsNativeDispatcher$CompletionStatus
instanceKlass sun/nio/fs/WindowsNativeDispatcher$AclInformation
instanceKlass sun/nio/fs/WindowsNativeDispatcher$Account
instanceKlass sun/nio/fs/WindowsNativeDispatcher$DiskFreeSpace
instanceKlass sun/nio/fs/WindowsNativeDispatcher$VolumeInformation
instanceKlass sun/nio/fs/WindowsNativeDispatcher$FirstStream
instanceKlass sun/nio/fs/WindowsNativeDispatcher$FirstFile
instanceKlass sun/nio/fs/WindowsNativeDispatcher$1
instanceKlass sun/nio/fs/WindowsNativeDispatcher
instanceKlass sun/nio/fs/WindowsDirectoryStream
instanceKlass java/nio/file/DirectoryStream
instanceKlass java/nio/file/Files$AcceptAllFilter
instanceKlass java/nio/file/DirectoryStream$Filter
instanceKlass java/nio/file/Files
instanceKlass java/net/NetworkInterface$2
instanceKlass java/net/DefaultInterface
instanceKlass java/net/InterfaceAddress
instanceKlass java/net/Inet6Address$Inet6AddressHolder
instanceKlass java/net/InetAddress$2
instanceKlass sun/net/spi/nameservice/NameService
instanceKlass java/net/Inet6AddressImpl
instanceKlass java/net/InetAddressImpl
instanceKlass java/net/InetAddressImplFactory
instanceKlass java/net/InetAddress$Cache
instanceKlass java/net/InetAddress$InetAddressHolder
instanceKlass java/net/InetAddress$1
instanceKlass java/net/InetAddress
instanceKlass java/net/NetworkInterface$1
instanceKlass java/net/NetworkInterface
instanceKlass sun/security/provider/ByteArrayAccess
instanceKlass sun/security/provider/SeedGenerator$1
instanceKlass sun/security/provider/SeedGenerator
instanceKlass sun/security/provider/SecureRandom$SeederHolder
instanceKlass sun/security/jca/GetInstance$Instance
instanceKlass java/security/MessageDigestSpi
instanceKlass sun/security/jca/GetInstance
instanceKlass java/security/SecureRandomSpi
instanceKlass java/security/Provider$UString
instanceKlass java/security/Provider$Service
instanceKlass sun/security/provider/NativePRNG$NonBlocking
instanceKlass sun/security/provider/NativePRNG$Blocking
instanceKlass sun/security/provider/NativePRNG
instanceKlass sun/security/provider/SunEntries$1
instanceKlass sun/security/provider/SunEntries
instanceKlass sun/security/jca/ProviderConfig$2
instanceKlass sun/security/jca/ProviderList$2
instanceKlass sun/misc/FDBigInteger
instanceKlass sun/misc/FloatingDecimal$PreparedASCIIToBinaryBuffer
instanceKlass sun/misc/FloatingDecimal$ASCIIToBinaryConverter
instanceKlass sun/misc/FloatingDecimal$BinaryToASCIIBuffer
instanceKlass sun/misc/FloatingDecimal$ExceptionalBinaryToASCIIBuffer
instanceKlass sun/misc/FloatingDecimal$BinaryToASCIIConverter
instanceKlass sun/misc/FloatingDecimal
instanceKlass java/security/Provider$EngineDescription
instanceKlass java/security/Provider$ServiceKey
instanceKlass sun/security/jca/ProviderConfig
instanceKlass sun/security/jca/ProviderList
instanceKlass sun/security/jca/Providers
instanceKlass java/util/UUID$Holder
instanceKlass org/xerial/snappy/OSInfo
instanceKlass java/net/URLClassLoader$2
instanceKlass org/xerial/snappy/SnappyLoader
instanceKlass org/xerial/snappy/Snappy
instanceKlass org/xerial/snappy/SnappyCodec
instanceKlass org/xerial/snappy/buffer/CachedBufferAllocator$1
instanceKlass org/xerial/snappy/buffer/BufferAllocatorFactory
instanceKlass org/xerial/snappy/buffer/CachedBufferAllocator
instanceKlass org/xerial/snappy/buffer/BufferAllocator
instanceKlass java/io/ObjectStreamConstants
instanceKlass java/io/ObjectOutput
instanceKlass com/google/cloud/dataflow/sdk/util/SerializableUtils
instanceKlass com/google/cloud/dataflow/sdk/io/Read$Bounded$1
instanceKlass com/google/cloud/dataflow/sdk/io/Read
instanceKlass com/google/cloud/dataflow/sdk/io/CompressedSource$DecompressAccordingToFilename
instanceKlass com/google/cloud/dataflow/sdk/io/CompressedSource$FileNameBasedDecompressingChannelFactory
instanceKlass com/google/cloud/dataflow/sdk/io/Source$Reader
instanceKlass com/google/cloud/dataflow/sdk/io/TextIO$1
instanceKlass sun/nio/fs/AbstractPath
instanceKlass com/google/cloud/dataflow/sdk/util/FileIOChannelFactory$1
instanceKlass com/google/cloud/dataflow/sdk/repackaged/com/google/common/io/ByteSink
instanceKlass com/google/cloud/dataflow/sdk/repackaged/com/google/common/io/ByteSource
instanceKlass com/google/cloud/dataflow/sdk/repackaged/com/google/common/io/LineProcessor
instanceKlass com/google/cloud/dataflow/sdk/repackaged/com/google/common/collect/TreeTraverser
instanceKlass com/google/cloud/dataflow/sdk/repackaged/com/google/common/io/Files
instanceKlass sun/nio/fs/WindowsFileSystem$2
instanceKlass java/nio/file/PathMatcher
instanceKlass sun/nio/fs/Globs
instanceKlass java/net/URI$Parser
instanceKlass sun/nio/fs/Util
instanceKlass sun/nio/fs/WindowsPathParser$Result
instanceKlass sun/nio/fs/WindowsPathParser
instanceKlass java/nio/file/FileSystem
instanceKlass java/nio/file/spi/FileSystemProvider
instanceKlass sun/nio/fs/DefaultFileSystemProvider
instanceKlass java/nio/file/FileSystems$DefaultFileSystemHolder$1
instanceKlass java/nio/file/FileSystems$DefaultFileSystemHolder
instanceKlass java/nio/file/FileSystems
instanceKlass com/google/cloud/dataflow/sdk/util/FileIOChannelFactory
instanceKlass com/google/cloud/dataflow/sdk/util/StringUtils
instanceKlass com/google/cloud/dataflow/sdk/values/PBegin
instanceKlass com/google/cloud/dataflow/sdk/coders/StandardCoder
instanceKlass com/google/cloud/dataflow/sdk/coders/Coder
instanceKlass com/google/cloud/dataflow/sdk/io/TextIO
instanceKlass com/google/cloud/dataflow/sdk/io/CompressedSource$DecompressingChannelFactory
instanceKlass com/google/cloud/dataflow/sdk/io/Source
instanceKlass com/google/cloud/dataflow/sdk/io/TextIO$Read
instanceKlass com/google/cloud/dataflow/sdk/runners/TransformTreeNode
instanceKlass com/google/cloud/dataflow/sdk/runners/TransformHierarchy
instanceKlass com/google/cloud/dataflow/sdk/values/POutputValueBase
instanceKlass com/google/cloud/dataflow/sdk/values/PValue
instanceKlass com/google/cloud/dataflow/sdk/runners/DirectPipelineRunner$TransformEvaluator
instanceKlass com/google/cloud/dataflow/sdk/values/PInput
instanceKlass com/google/cloud/dataflow/sdk/values/POutput
instanceKlass com/google/cloud/dataflow/sdk/runners/DirectPipelineRunner$EvaluationResults
instanceKlass com/google/cloud/dataflow/sdk/PipelineResult
instanceKlass com/google/cloud/dataflow/sdk/util/GcsIOChannelFactory
instanceKlass java/util/Collections$SynchronizedMap
instanceKlass com/google/cloud/dataflow/sdk/util/IOChannelFactory
instanceKlass com/google/cloud/dataflow/sdk/util/IOChannelUtils
instanceKlass org/joda/time/field/FieldUtils
instanceKlass org/joda/time/base/AbstractDuration
instanceKlass com/google/api/client/util/BackOff
instanceKlass org/joda/time/ReadableDuration
instanceKlass com/google/cloud/dataflow/sdk/util/FluentBackoff
instanceKlass com/google/api/client/googleapis/batch/json/JsonBatchCallback
instanceKlass com/google/api/client/googleapis/batch/BatchCallback
instanceKlass java/util/concurrent/Callable
instanceKlass java/util/concurrent/BlockingQueue
instanceKlass com/google/cloud/hadoop/util/RetryDeterminer
instanceKlass java/nio/channels/SeekableByteChannel
instanceKlass java/nio/channels/ByteChannel
instanceKlass java/nio/channels/ReadableByteChannel
instanceKlass java/nio/channels/WritableByteChannel
instanceKlass java/nio/channels/Channel
instanceKlass com/google/cloud/dataflow/sdk/Pipeline
instanceKlass com/google/cloud/dataflow/sdk/repackaged/com/google/common/collect/AbstractMapBasedMultimap$KeySet$1
instanceKlass java/lang/reflect/WeakCache$LookupValue
instanceKlass com/google/cloud/dataflow/sdk/options/PipelineOptionsValidator
instanceKlass java/lang/Long$LongCache
instanceKlass java/lang/Short$ShortCache
instanceKlass java/lang/Byte$ByteCache
instanceKlass java/lang/Character$CharacterCache
instanceKlass com/google/cloud/dataflow/sdk/repackaged/com/google/common/base/Defaults
instanceKlass com/google/cloud/dataflow/sdk/options/Default$Float
instanceKlass com/google/cloud/dataflow/sdk/options/Default$Long
instanceKlass com/google/cloud/dataflow/sdk/options/Default$Short
instanceKlass com/google/cloud/dataflow/sdk/options/Default$Byte
instanceKlass com/google/cloud/dataflow/sdk/options/Default$Character
instanceKlass com/google/cloud/dataflow/sdk/options/ValueProvider$StaticValueProvider
instanceKlass com/google/cloud/dataflow/sdk/options/ValueProvider$RuntimeValueProvider
instanceKlass com/google/cloud/dataflow/sdk/repackaged/com/google/common/primitives/Primitives
instanceKlass com/google/cloud/dataflow/sdk/util/InstanceBuilder
instanceKlass com/google/cloud/dataflow/sdk/repackaged/com/google/common/collect/MutableClassToInstanceMap$1
instanceKlass com/google/cloud/dataflow/sdk/repackaged/com/google/common/collect/MapConstraint
instanceKlass com/google/cloud/dataflow/sdk/repackaged/com/google/common/collect/ForwardingObject
instanceKlass java/util/Random
instanceKlass java/lang/Math$RandomNumberGeneratorHolder
instanceKlass com/google/cloud/dataflow/sdk/options/ProxyInvocationHandler$BoundValue
instanceKlass com/google/cloud/dataflow/sdk/repackaged/com/google/common/collect/ClassToInstanceMap
instanceKlass com/google/cloud/dataflow/sdk/options/ProxyInvocationHandler
instanceKlass com/google/cloud/dataflow/sdk/options/ValueProvider
instanceKlass com/google/cloud/dataflow/sdk/repackaged/com/google/common/base/Strings
instanceKlass com/google/cloud/dataflow/sdk/repackaged/com/google/common/collect/Multimaps
instanceKlass com/google/cloud/dataflow/sdk/repackaged/com/google/common/collect/MultimapBuilder$ArrayListSupplier
instanceKlass com/google/cloud/dataflow/sdk/repackaged/com/google/common/base/Supplier
instanceKlass com/google/cloud/dataflow/sdk/repackaged/com/google/common/collect/MultimapBuilder$MultimapBuilderWithKeys
instanceKlass com/google/cloud/dataflow/sdk/repackaged/com/google/common/collect/MultimapBuilder
instanceKlass com/google/cloud/dataflow/sdk/repackaged/com/google/common/collect/ImmutableMultimap$Builder
instanceKlass java/util/ArrayList$1
instanceKlass com/google/cloud/dataflow/sdk/runners/inprocess/Clock
instanceKlass com/google/cloud/dataflow/sdk/runners/inprocess/ExecutorServiceFactory
instanceKlass com/google/cloud/dataflow/sdk/runners/inprocess/InProcessPipelineOptions
instanceKlass com/google/cloud/dataflow/sdk/options/Default$Boolean
instanceKlass com/google/cloud/dataflow/sdk/options/DirectPipelineOptions
instanceKlass com/google/cloud/dataflow/sdk/options/BlockingDataflowPipelineOptions$StandardOutputFactory
instanceKlass java/lang/reflect/Proxy$KeyX
instanceKlass com/google/cloud/dataflow/sdk/util/GcsUtil$GcsUtilFactory
instanceKlass com/google/cloud/dataflow/sdk/options/GcsOptions$ExecutorServiceFactory
instanceKlass com/google/cloud/dataflow/sdk/options/GcpOptions$GcpUserCredentialsFactory
instanceKlass com/google/cloud/dataflow/sdk/util/GcpCredentialFactory
instanceKlass com/google/cloud/dataflow/sdk/options/GcpOptions$CredentialDirFactory
instanceKlass com/google/cloud/dataflow/sdk/options/DataflowPipelineWorkerPoolOptions$WorkerHarnessContainerImageFactory
instanceKlass com/google/cloud/dataflow/sdk/options/GcpOptions$DefaultProjectFactory
instanceKlass com/google/cloud/dataflow/sdk/options/DataflowPipelineOptions$JobNameFactory
instanceKlass sun/misc/ProxyGenerator$1
instanceKlass com/google/cloud/dataflow/sdk/options/Default$Integer
instanceKlass java/lang/Deprecated
instanceKlass com/google/cloud/dataflow/sdk/util/GcsStager
instanceKlass com/google/cloud/dataflow/sdk/options/DataflowPipelineDebugOptions$StagerFactory
instanceKlass com/google/cloud/dataflow/sdk/util/DataflowPathValidator
instanceKlass com/google/cloud/dataflow/sdk/options/DataflowPipelineDebugOptions$PathValidatorFactory
instanceKlass sun/reflect/ClassDefiner$1
instanceKlass sun/reflect/ClassDefiner
instanceKlass sun/reflect/MethodAccessorGenerator$1
instanceKlass sun/reflect/Label$PatchInfo
instanceKlass sun/reflect/Label
instanceKlass sun/reflect/UTF8
instanceKlass sun/reflect/ClassFileAssembler
instanceKlass sun/reflect/ByteVectorImpl
instanceKlass sun/reflect/ByteVector
instanceKlass sun/reflect/ByteVectorFactory
instanceKlass sun/reflect/AccessorGenerator
instanceKlass sun/reflect/ClassFileConstants
instanceKlass com/google/cloud/dataflow/sdk/options/DataflowPipelineDebugOptions$DataflowClientFactory
instanceKlass com/google/cloud/dataflow/sdk/options/Default$Double
instanceKlass javax/annotation/Nonnull
instanceKlass javax/annotation/Nullable
instanceKlass com/google/cloud/dataflow/sdk/options/Default$String
instanceKlass com/google/cloud/dataflow/sdk/util/CredentialFactory
instanceKlass com/google/cloud/dataflow/sdk/util/GcsUtil
instanceKlass java/util/concurrent/ExecutorService
instanceKlass java/util/concurrent/Executor
instanceKlass com/google/cloud/dataflow/sdk/util/PathValidator
instanceKlass com/google/cloud/dataflow/sdk/util/Stager
instanceKlass com/google/api/client/googleapis/services/AbstractGoogleClient
instanceKlass com/google/api/client/googleapis/services/GoogleClientRequestInitializer
instanceKlass com/google/api/client/auth/oauth2/Credential
instanceKlass com/google/api/client/http/HttpUnsuccessfulResponseHandler
instanceKlass com/google/api/client/http/HttpRequestInitializer
instanceKlass com/google/api/client/http/HttpExecuteInterceptor
instanceKlass com/google/cloud/dataflow/sdk/options/BlockingDataflowPipelineOptions
instanceKlass com/google/cloud/dataflow/sdk/options/DataflowPipelineOptions
instanceKlass com/google/cloud/dataflow/sdk/options/DataflowProfilingOptions
instanceKlass com/google/cloud/dataflow/sdk/options/DataflowWorkerLoggingOptions
instanceKlass com/google/cloud/dataflow/sdk/options/CloudDebuggerOptions
instanceKlass com/google/cloud/dataflow/sdk/options/GcsOptions
instanceKlass com/google/cloud/dataflow/sdk/options/BigQueryOptions
instanceKlass com/google/cloud/dataflow/sdk/options/StreamingOptions
instanceKlass com/google/cloud/dataflow/sdk/options/DataflowPipelineWorkerPoolOptions
instanceKlass com/google/cloud/dataflow/sdk/options/DataflowPipelineDebugOptions
instanceKlass com/google/cloud/dataflow/sdk/options/ApplicationNameOptions
instanceKlass com/google/cloud/dataflow/sdk/options/GcpOptions
instanceKlass com/google/cloud/dataflow/sdk/options/GoogleApiDebugOptions
instanceKlass com/google/cloud/dataflow/sdk/runners/DataflowPipelineRegistrar$Options
instanceKlass com/google/cloud/dataflow/sdk/options/PipelineOptionsFactory$Registration
instanceKlass com/google/cloud/dataflow/sdk/repackaged/com/google/common/base/Predicates$AndPredicate
instanceKlass com/google/cloud/dataflow/sdk/options/PipelineOptionsFactory$3
instanceKlass com/google/cloud/dataflow/sdk/repackaged/com/google/common/base/Predicates$NotPredicate
instanceKlass com/google/cloud/dataflow/sdk/repackaged/com/google/common/base/Predicates$InPredicate
instanceKlass com/google/cloud/dataflow/sdk/repackaged/com/google/common/base/Predicates
instanceKlass com/fasterxml/jackson/annotation/JsonIgnore
instanceKlass com/google/cloud/dataflow/sdk/options/PipelineOptionsFactory$MethodToDeclaringClassFunction
instanceKlass com/google/cloud/dataflow/sdk/options/PipelineOptionsFactory$JsonIgnorePredicate
instanceKlass com/google/cloud/dataflow/sdk/options/Default$Enum
instanceKlass com/google/cloud/dataflow/sdk/options/Default$Class
instanceKlass com/google/cloud/dataflow/sdk/options/Description
instanceKlass com/google/cloud/dataflow/sdk/options/Validation$Required
instanceKlass com/sun/beans/WildcardTypeImpl
instanceKlass com/google/cloud/dataflow/sdk/options/PipelineOptions$AtomicLongFactory
instanceKlass com/google/cloud/dataflow/sdk/options/DefaultValueFactory
instanceKlass com/google/cloud/dataflow/sdk/options/Default$InstanceFactory
instanceKlass java/lang/annotation/Documented
instanceKlass com/google/cloud/dataflow/sdk/options/Hidden
instanceKlass com/sun/beans/TypeResolver
instanceKlass java/beans/MethodRef
instanceKlass com/google/cloud/dataflow/sdk/repackaged/com/google/common/collect/AbstractMapBasedMultimap$Itr
instanceKlass java/beans/FeatureDescriptor
instanceKlass java/util/EventListener
instanceKlass com/sun/beans/WeakCache
instanceKlass java/beans/Introspector
instanceKlass com/google/cloud/dataflow/sdk/options/PipelineOptionsReflector
instanceKlass com/google/cloud/dataflow/sdk/util/common/ReflectHelpers$6
instanceKlass com/google/cloud/dataflow/sdk/repackaged/com/google/common/collect/AbstractMapBasedMultimap$WrappedCollection$WrappedIterator
instanceKlass com/google/cloud/dataflow/sdk/options/PipelineOptionsFactory$ReturnTypeFetchingFunction
instanceKlass com/google/cloud/dataflow/sdk/repackaged/com/google/common/collect/AbstractMapBasedMultimap$AsMap$AsMapIterator
instanceKlass com/google/cloud/dataflow/sdk/repackaged/com/google/common/collect/AbstractMultimap
instanceKlass com/google/cloud/dataflow/sdk/options/PipelineOptionsFactory$MethodNameComparator
instanceKlass sun/reflect/generics/tree/VoidDescriptor
instanceKlass java/lang/reflect/WildcardType
instanceKlass sun/reflect/generics/tree/Wildcard
instanceKlass sun/reflect/generics/tree/BottomSignature
instanceKlass sun/reflect/generics/tree/TypeVariableSignature
instanceKlass sun/reflect/generics/reflectiveObjects/LazyReflectiveObjectGenerator
instanceKlass sun/reflect/generics/tree/ClassSignature
instanceKlass sun/reflect/generics/reflectiveObjects/ParameterizedTypeImpl
instanceKlass java/lang/reflect/ParameterizedType
instanceKlass sun/reflect/generics/tree/MethodTypeSignature
instanceKlass sun/reflect/generics/tree/Signature
instanceKlass sun/reflect/generics/tree/FormalTypeParameter
instanceKlass java/lang/reflect/TypeVariable
instanceKlass java/util/TimSort
instanceKlass java/util/Arrays$LegacyMergeSort
instanceKlass com/google/cloud/dataflow/sdk/repackaged/com/google/common/collect/AbstractIterator$1
instanceKlass com/google/cloud/dataflow/sdk/repackaged/com/google/common/collect/SortedIterables
instanceKlass com/google/cloud/dataflow/sdk/repackaged/com/google/common/collect/Ordering
instanceKlass com/google/cloud/dataflow/sdk/repackaged/com/google/common/collect/SortedIterable
instanceKlass com/google/cloud/dataflow/sdk/options/PipelineOptionsFactory$MethodComparator
instanceKlass com/google/cloud/dataflow/sdk/repackaged/com/google/common/collect/Queues
instanceKlass com/google/cloud/dataflow/sdk/util/common/ReflectHelpers$5
instanceKlass com/google/cloud/dataflow/sdk/util/common/ReflectHelpers$4
instanceKlass com/google/cloud/dataflow/sdk/util/common/ReflectHelpers$3
instanceKlass com/google/cloud/dataflow/sdk/util/common/ReflectHelpers$2
instanceKlass com/google/cloud/dataflow/sdk/util/common/ReflectHelpers$1
instanceKlass com/google/cloud/dataflow/sdk/util/common/ReflectHelpers
instanceKlass com/google/cloud/dataflow/sdk/transforms/display/DisplayData$Builder
instanceKlass java/util/AbstractList$Itr
instanceKlass com/google/cloud/dataflow/sdk/repackaged/com/google/common/collect/Iterators$5
instanceKlass com/google/cloud/dataflow/sdk/repackaged/com/google/common/collect/TransformedIterator
instanceKlass com/google/cloud/dataflow/sdk/repackaged/com/google/common/collect/Iterables
instanceKlass com/google/cloud/dataflow/sdk/repackaged/com/google/common/collect/FluentIterable
instanceKlass java/util/TreeMap$PrivateEntryIterator
instanceKlass com/google/cloud/dataflow/sdk/runners/inprocess/InProcessRegistrar$InProcessOptions
instanceKlass com/google/cloud/dataflow/sdk/runners/inprocess/InProcessRegistrar
instanceKlass com/google/cloud/dataflow/sdk/runners/PipelineRunner
instanceKlass com/google/cloud/dataflow/sdk/runners/DirectPipelineRegistrar$Options
instanceKlass com/google/cloud/dataflow/sdk/options/PipelineOptionsRegistrar
instanceKlass com/google/cloud/dataflow/sdk/runners/DirectPipelineRegistrar
instanceKlass com/google/cloud/dataflow/sdk/runners/DataflowPipelineRegistrar
instanceKlass com/google/cloud/dataflow/sdk/runners/inprocess/InProcessRegistrar$InProcessRunner
instanceKlass com/google/cloud/dataflow/sdk/runners/TemplatingDataflowPipelineRunner$Runner
instanceKlass com/google/cloud/dataflow/sdk/runners/DirectPipelineRegistrar$Runner
instanceKlass com/google/cloud/dataflow/sdk/runners/DataflowPipelineRegistrar$Runner
instanceKlass sun/net/www/protocol/jar/JarFileFactory
instanceKlass sun/net/www/protocol/jar/URLJarFile$URLJarFileCloseController
instanceKlass com/google/cloud/dataflow/sdk/repackaged/com/google/common/collect/Iterators$2
instanceKlass com/google/cloud/dataflow/sdk/repackaged/com/google/common/collect/PeekingIterator
instanceKlass com/google/cloud/dataflow/sdk/repackaged/com/google/common/collect/Iterators
instanceKlass com/google/cloud/dataflow/sdk/repackaged/com/google/common/collect/Lists
instanceKlass com/google/cloud/dataflow/sdk/runners/PipelineRunnerRegistrar
instanceKlass com/google/cloud/dataflow/sdk/options/PipelineOptionsFactory$ObjectsClassComparator
instanceKlass com/google/cloud/dataflow/sdk/repackaged/com/google/common/collect/AbstractMapEntry
instanceKlass com/google/cloud/dataflow/sdk/repackaged/com/google/common/collect/ImmutableMap$Builder
instanceKlass com/google/cloud/dataflow/sdk/repackaged/com/google/common/collect/GenericMapMaker
instanceKlass com/google/cloud/dataflow/sdk/repackaged/com/google/common/base/Joiner$MapJoiner
instanceKlass com/google/cloud/dataflow/sdk/repackaged/com/google/common/base/Joiner
instanceKlass com/google/cloud/dataflow/sdk/repackaged/com/google/common/collect/Multiset
instanceKlass com/google/cloud/dataflow/sdk/repackaged/com/google/common/collect/Collections2
instanceKlass com/google/cloud/dataflow/sdk/repackaged/com/google/common/collect/Maps$EntryTransformer
instanceKlass com/google/cloud/dataflow/sdk/repackaged/com/google/common/collect/UnmodifiableIterator
instanceKlass com/google/cloud/dataflow/sdk/repackaged/com/google/common/base/Converter
instanceKlass com/google/cloud/dataflow/sdk/repackaged/com/google/common/collect/ImmutableMap
instanceKlass com/google/cloud/dataflow/sdk/repackaged/com/google/common/collect/BiMap
instanceKlass com/google/cloud/dataflow/sdk/repackaged/com/google/common/collect/SortedMapDifference
instanceKlass com/google/cloud/dataflow/sdk/repackaged/com/google/common/collect/MapDifference
instanceKlass com/google/cloud/dataflow/sdk/repackaged/com/google/common/collect/Maps
instanceKlass com/google/cloud/dataflow/sdk/repackaged/com/google/common/collect/Sets
instanceKlass com/google/cloud/dataflow/sdk/options/PipelineOptionsFactory$2
instanceKlass com/google/cloud/dataflow/sdk/options/PipelineOptionsFactory$Builder
instanceKlass com/fasterxml/jackson/databind/ser/BeanSerializerModifier
instanceKlass com/fasterxml/jackson/databind/ser/Serializers
instanceKlass com/fasterxml/jackson/databind/cfg/SerializerFactoryConfig
instanceKlass java/util/UUID
instanceKlass java/net/URI
instanceKlass com/fasterxml/jackson/databind/ser/std/StdJdkSerializers
instanceKlass com/fasterxml/jackson/databind/ser/std/NumberSerializers
instanceKlass com/fasterxml/jackson/databind/deser/DeserializerCache
instanceKlass com/fasterxml/jackson/databind/KeyDeserializer
instanceKlass com/fasterxml/jackson/databind/deser/std/StdKeyDeserializers
instanceKlass com/fasterxml/jackson/databind/deser/KeyDeserializers
instanceKlass com/fasterxml/jackson/databind/deser/ValueInstantiators
instanceKlass com/fasterxml/jackson/databind/AbstractTypeResolver
instanceKlass com/fasterxml/jackson/databind/deser/BeanDeserializerModifier
instanceKlass com/fasterxml/jackson/databind/cfg/DeserializerFactoryConfig
instanceKlass java/util/NavigableSet
instanceKlass java/util/concurrent/ConcurrentNavigableMap
instanceKlass com/fasterxml/jackson/databind/PropertyName
instanceKlass com/fasterxml/jackson/databind/deser/Deserializers
instanceKlass com/fasterxml/jackson/annotation/ObjectIdGenerator
instanceKlass com/fasterxml/jackson/databind/deser/ValueInstantiator
instanceKlass com/fasterxml/jackson/databind/deser/ResolvableDeserializer
instanceKlass com/fasterxml/jackson/databind/deser/ContextualDeserializer
instanceKlass com/fasterxml/jackson/annotation/ObjectIdResolver
instanceKlass com/fasterxml/jackson/databind/JsonDeserializer
instanceKlass com/fasterxml/jackson/databind/ser/SerializerCache
instanceKlass com/fasterxml/jackson/databind/ser/ResolvableSerializer
instanceKlass com/fasterxml/jackson/databind/ser/ContextualSerializer
instanceKlass com/fasterxml/jackson/databind/jsonschema/SchemaAware
instanceKlass com/fasterxml/jackson/databind/JsonSerializer
instanceKlass com/fasterxml/jackson/databind/jsonFormatVisitors/JsonFormatVisitable
instanceKlass com/fasterxml/jackson/databind/node/JsonNodeFactory
instanceKlass com/fasterxml/jackson/databind/node/JsonNodeCreator
instanceKlass com/fasterxml/jackson/databind/cfg/ContextAttributes
instanceKlass com/fasterxml/jackson/databind/cfg/ConfigFeature
instanceKlass com/fasterxml/jackson/annotation/JsonFormat$Features
instanceKlass com/fasterxml/jackson/annotation/JsonFormat$Value
instanceKlass com/fasterxml/jackson/annotation/JsonInclude$Value
instanceKlass com/fasterxml/jackson/annotation/JacksonAnnotationValue
instanceKlass com/fasterxml/jackson/databind/introspect/AnnotationMap
instanceKlass com/fasterxml/jackson/databind/util/Annotations
instanceKlass com/fasterxml/jackson/databind/BeanDescription
instanceKlass com/fasterxml/jackson/databind/cfg/MapperConfig
instanceKlass com/fasterxml/jackson/databind/introspect/SimpleMixInResolver
instanceKlass com/fasterxml/jackson/databind/introspect/ClassIntrospector$MixInResolver
instanceKlass com/fasterxml/jackson/databind/util/RootNameLookup
instanceKlass com/fasterxml/jackson/core/sym/ByteQuadsCanonicalizer$TableInfo
instanceKlass java/util/concurrent/atomic/AtomicReference
instanceKlass com/fasterxml/jackson/core/sym/ByteQuadsCanonicalizer
instanceKlass com/fasterxml/jackson/core/sym/CharsToNameCanonicalizer$Bucket
instanceKlass com/fasterxml/jackson/core/sym/CharsToNameCanonicalizer
instanceKlass com/fasterxml/jackson/core/Base64Variant
instanceKlass com/fasterxml/jackson/core/Base64Variants
instanceKlass java/util/Date
instanceKlass java/text/DigitList
instanceKlass java/text/FieldPosition
instanceKlass java/util/Currency$CurrencyNameGetter
instanceKlass java/util/Currency$1
instanceKlass java/util/Currency
instanceKlass java/text/DecimalFormatSymbols
instanceKlass java/util/concurrent/atomic/AtomicMarkableReference$Pair
instanceKlass java/util/concurrent/atomic/AtomicMarkableReference
instanceKlass java/text/DateFormatSymbols
instanceKlass sun/util/calendar/CalendarUtils
instanceKlass sun/util/calendar/CalendarDate
instanceKlass sun/util/locale/LanguageTag
instanceKlass java/util/ResourceBundle$CacheKeyReference
instanceKlass java/util/ResourceBundle$CacheKey
instanceKlass java/util/ResourceBundle$RBClassLoader$1
instanceKlass java/util/spi/ResourceBundleControlProvider
instanceKlass java/util/ResourceBundle
instanceKlass java/util/ResourceBundle$Control
instanceKlass sun/util/resources/LocaleData$1
instanceKlass sun/util/resources/LocaleData
instanceKlass sun/util/locale/provider/LocaleResources
instanceKlass sun/util/locale/provider/CalendarDataUtility$CalendarWeekParameterGetter
instanceKlass sun/util/locale/provider/LocaleServiceProviderPool$LocalizedObjectGetter
instanceKlass java/util/LinkedHashMap$LinkedHashIterator
instanceKlass java/util/ServiceLoader$1
instanceKlass java/util/ServiceLoader$LazyIterator
instanceKlass java/util/ServiceLoader
instanceKlass sun/util/locale/provider/SPILocaleProviderAdapter$1
instanceKlass sun/util/locale/provider/LocaleServiceProviderPool
instanceKlass sun/util/locale/provider/CalendarDataUtility
instanceKlass java/util/Calendar$Builder
instanceKlass sun/util/locale/provider/JRELocaleProviderAdapter$1
instanceKlass sun/util/locale/provider/LocaleDataMetaInfo
instanceKlass sun/util/locale/provider/AvailableLanguageTags
instanceKlass sun/util/locale/provider/LocaleProviderAdapter$1
instanceKlass java/util/Collections$UnmodifiableCollection$1
instanceKlass sun/util/locale/provider/ResourceBundleBasedAdapter
instanceKlass sun/util/locale/provider/LocaleProviderAdapter
instanceKlass java/util/spi/LocaleServiceProvider
instanceKlass java/util/Calendar
instanceKlass java/util/TimeZone$1
instanceKlass java/util/zip/CRC32
instanceKlass java/util/zip/Checksum
instanceKlass java/text/AttributedCharacterIterator$Attribute
instanceKlass com/fasterxml/jackson/databind/type/TypeParser
instanceKlass com/fasterxml/jackson/databind/type/TypeFactory
instanceKlass sun/util/calendar/ZoneInfoFile$ZoneOffsetTransitionRule
instanceKlass java/io/DataInput
instanceKlass sun/util/calendar/ZoneInfoFile$1
instanceKlass sun/util/calendar/ZoneInfoFile
instanceKlass sun/util/calendar/CalendarSystem
instanceKlass java/util/TimeZone
instanceKlass com/fasterxml/jackson/databind/cfg/BaseSettings
instanceKlass com/fasterxml/jackson/core/util/DefaultPrettyPrinter$NopIndenter
instanceKlass com/fasterxml/jackson/core/io/SerializedString
instanceKlass com/fasterxml/jackson/core/SerializableString
instanceKlass com/fasterxml/jackson/core/util/DefaultPrettyPrinter$Indenter
instanceKlass com/fasterxml/jackson/core/util/DefaultPrettyPrinter
instanceKlass com/fasterxml/jackson/core/util/Instantiatable
instanceKlass java/util/Collections$EmptyIterator
instanceKlass com/fasterxml/jackson/annotation/JacksonAnnotation
instanceKlass java/lang/reflect/WeakCache$Value
instanceKlass sun/misc/ProxyGenerator$ExceptionTableEntry
instanceKlass sun/misc/ProxyGenerator$PrimitiveTypeInfo
instanceKlass sun/misc/ProxyGenerator$FieldInfo
instanceKlass java/io/DataOutput
instanceKlass sun/misc/ProxyGenerator$ConstantPool$Entry
instanceKlass sun/misc/ProxyGenerator$MethodInfo
instanceKlass sun/misc/ProxyGenerator$ProxyMethod
instanceKlass sun/misc/ProxyGenerator$ConstantPool
instanceKlass sun/security/action/GetBooleanAction
instanceKlass sun/misc/ProxyGenerator
instanceKlass java/lang/reflect/WeakCache$Factory
instanceKlass java/util/function/Supplier
instanceKlass java/lang/reflect/Proxy$ProxyClassFactory
instanceKlass java/lang/reflect/Proxy$KeyFactory
instanceKlass java/util/function/BiFunction
instanceKlass java/lang/reflect/WeakCache
instanceKlass java/lang/reflect/Proxy
instanceKlass sun/reflect/annotation/AnnotationInvocationHandler
instanceKlass java/lang/reflect/InvocationHandler
instanceKlass sun/reflect/annotation/AnnotationParser$1
instanceKlass java/lang/annotation/Target
instanceKlass java/lang/annotation/Inherited
instanceKlass java/lang/annotation/Retention
instanceKlass sun/reflect/annotation/ExceptionProxy
instanceKlass sun/reflect/annotation/AnnotationType$1
instanceKlass java/lang/reflect/GenericArrayType
instanceKlass sun/reflect/generics/visitor/Reifier
instanceKlass sun/reflect/generics/visitor/TypeTreeVisitor
instanceKlass sun/reflect/generics/factory/CoreReflectionFactory
instanceKlass sun/reflect/generics/factory/GenericsFactory
instanceKlass sun/reflect/generics/scope/AbstractScope
instanceKlass sun/reflect/generics/scope/Scope
instanceKlass sun/reflect/generics/tree/ClassTypeSignature
instanceKlass sun/reflect/generics/tree/SimpleClassTypeSignature
instanceKlass sun/reflect/generics/tree/FieldTypeSignature
instanceKlass sun/reflect/generics/tree/BaseType
instanceKlass sun/reflect/generics/tree/TypeSignature
instanceKlass sun/reflect/generics/tree/ReturnType
instanceKlass sun/reflect/generics/tree/TypeArgument
instanceKlass sun/reflect/generics/tree/TypeTree
instanceKlass sun/reflect/generics/tree/Tree
instanceKlass sun/reflect/generics/parser/SignatureParser
instanceKlass sun/reflect/annotation/AnnotationParser
instanceKlass com/fasterxml/jackson/annotation/JsonAutoDetect
instanceKlass com/fasterxml/jackson/databind/introspect/VisibilityChecker$Std
instanceKlass com/fasterxml/jackson/databind/util/LRUMap
instanceKlass java/beans/ConstructorProperties
instanceKlass java/beans/Transient
instanceKlass com/fasterxml/jackson/databind/introspect/JacksonAnnotationIntrospector$Java7Support
instanceKlass com/fasterxml/jackson/databind/annotation/JsonDeserialize
instanceKlass com/fasterxml/jackson/annotation/JsonManagedReference
instanceKlass com/fasterxml/jackson/annotation/JsonBackReference
instanceKlass com/fasterxml/jackson/annotation/JsonUnwrapped
instanceKlass com/fasterxml/jackson/annotation/JsonRawValue
instanceKlass com/fasterxml/jackson/annotation/JsonTypeInfo
instanceKlass com/fasterxml/jackson/annotation/JsonFormat
instanceKlass com/fasterxml/jackson/annotation/JsonView
instanceKlass com/fasterxml/jackson/databind/annotation/JsonSerialize
instanceKlass com/fasterxml/jackson/databind/introspect/ConcreteBeanPropertyBase
instanceKlass com/fasterxml/jackson/databind/BeanProperty
instanceKlass com/fasterxml/jackson/databind/introspect/BeanPropertyDefinition
instanceKlass com/fasterxml/jackson/databind/util/Named
instanceKlass com/fasterxml/jackson/databind/introspect/TypeResolutionContext
instanceKlass com/fasterxml/jackson/databind/introspect/Annotated
instanceKlass com/fasterxml/jackson/databind/type/TypeBindings
instanceKlass com/fasterxml/jackson/core/JsonGenerator
instanceKlass com/fasterxml/jackson/core/JsonParser
instanceKlass com/fasterxml/jackson/databind/JsonSerializable$Base
instanceKlass com/fasterxml/jackson/core/TreeNode
instanceKlass com/fasterxml/jackson/databind/Module$SetupContext
instanceKlass com/fasterxml/jackson/databind/jsontype/TypeResolverBuilder
instanceKlass com/fasterxml/jackson/databind/introspect/ClassIntrospector
instanceKlass java/text/Format
instanceKlass com/fasterxml/jackson/core/PrettyPrinter
instanceKlass com/fasterxml/jackson/databind/introspect/VisibilityChecker
instanceKlass com/fasterxml/jackson/databind/AnnotationIntrospector
instanceKlass com/fasterxml/jackson/databind/JsonSerializable
instanceKlass com/fasterxml/jackson/core/type/ResolvedType
instanceKlass com/fasterxml/jackson/databind/ser/SerializerFactory
instanceKlass com/fasterxml/jackson/databind/deser/DeserializerFactory
instanceKlass com/fasterxml/jackson/databind/DatabindContext
instanceKlass com/fasterxml/jackson/databind/jsontype/SubtypeResolver
instanceKlass com/fasterxml/jackson/core/JsonFactory
instanceKlass com/fasterxml/jackson/core/TreeCodec
instanceKlass com/fasterxml/jackson/core/Versioned
instanceKlass com/google/cloud/dataflow/sdk/repackaged/com/google/common/collect/Hashing
instanceKlass com/google/cloud/dataflow/sdk/repackaged/com/google/common/collect/Platform
instanceKlass com/google/cloud/dataflow/sdk/repackaged/com/google/common/collect/ObjectArrays
instanceKlass com/google/cloud/dataflow/sdk/repackaged/com/google/common/base/Preconditions
instanceKlass com/google/cloud/dataflow/sdk/repackaged/com/google/common/collect/CollectPreconditions
instanceKlass com/google/cloud/dataflow/sdk/repackaged/com/google/common/collect/ImmutableCollection$Builder
instanceKlass com/google/cloud/dataflow/sdk/repackaged/com/google/common/collect/ListMultimap
instanceKlass java/util/SortedSet
instanceKlass com/google/cloud/dataflow/sdk/repackaged/com/google/common/base/Function
instanceKlass com/google/cloud/dataflow/sdk/repackaged/com/google/common/collect/RowSortedTable
instanceKlass com/google/cloud/dataflow/sdk/repackaged/com/google/common/collect/Table
instanceKlass com/google/cloud/dataflow/sdk/repackaged/com/google/common/collect/SortedSetMultimap
instanceKlass com/google/cloud/dataflow/sdk/repackaged/com/google/common/collect/SetMultimap
instanceKlass com/google/cloud/dataflow/sdk/repackaged/com/google/common/collect/Multimap
instanceKlass com/google/cloud/dataflow/sdk/repackaged/com/google/common/base/Predicate
instanceKlass com/google/cloud/dataflow/sdk/options/PipelineOptionsFactory
instanceKlass com/apester/assignment/WordCountIOFilesOptions
instanceKlass java/util/logging/LogManager$5
instanceKlass sun/reflect/UnsafeFieldAccessorFactory
instanceKlass java/util/logging/LoggingProxyImpl
instanceKlass sun/util/logging/LoggingProxy
instanceKlass sun/util/logging/LoggingSupport$1
instanceKlass sun/util/logging/LoggingSupport
instanceKlass sun/util/logging/PlatformLogger$LoggerProxy
instanceKlass sun/util/logging/PlatformLogger$1
instanceKlass sun/util/logging/PlatformLogger
instanceKlass java/util/logging/LogManager$LoggerContext$1
instanceKlass java/util/ArrayList$Itr
instanceKlass java/util/logging/LogManager$3
instanceKlass java/util/logging/LogManager$2
instanceKlass java/lang/Shutdown$Lock
instanceKlass java/lang/Shutdown
instanceKlass java/lang/ApplicationShutdownHooks$1
instanceKlass java/lang/ApplicationShutdownHooks
instanceKlass java/util/logging/LogManager$LogNode
instanceKlass java/util/logging/LogManager$LoggerContext
instanceKlass java/util/logging/LogManager$1
instanceKlass java/util/logging/LogManager
instanceKlass java/util/concurrent/locks/AbstractQueuedSynchronizer$Node
instanceKlass java/util/concurrent/locks/AbstractOwnableSynchronizer
instanceKlass java/util/concurrent/CopyOnWriteArrayList
instanceKlass java/util/logging/Logger$LoggerBundle
instanceKlass java/util/logging/Level$KnownLevel
instanceKlass java/util/logging/Level
instanceKlass java/util/logging/Handler
instanceKlass java/util/logging/Logger
instanceKlass java/util/concurrent/ConcurrentHashMap$Traverser
instanceKlass org/slf4j/helpers/NamedLoggerBase
instanceKlass org/slf4j/spi/LocationAwareLogger
instanceKlass org/slf4j/impl/JDK14LoggerFactory
instanceKlass org/slf4j/impl/StaticLoggerBinder
instanceKlass org/slf4j/spi/LoggerFactoryBinder
instanceKlass java/net/URLClassLoader$3$1
instanceKlass sun/misc/CompoundEnumeration
instanceKlass java/net/URLClassLoader$3
instanceKlass sun/misc/URLClassPath$1
instanceKlass java/lang/ClassLoader$2
instanceKlass sun/misc/URLClassPath$2
instanceKlass sun/misc/Launcher$BootClassPathHolder$1
instanceKlass sun/misc/Launcher$BootClassPathHolder
instanceKlass org/slf4j/helpers/NOPLoggerFactory
instanceKlass org/slf4j/Logger
instanceKlass org/slf4j/helpers/SubstituteLoggerFactory
instanceKlass org/slf4j/ILoggerFactory
instanceKlass org/slf4j/LoggerFactory
instanceKlass java/util/LinkedList$Node
instanceKlass java/lang/Void
instanceKlass com/google/cloud/dataflow/sdk/transforms/DoFn
instanceKlass com/google/cloud/dataflow/sdk/transforms/PTransform
instanceKlass com/google/cloud/dataflow/sdk/options/PipelineOptions
instanceKlass com/google/cloud/dataflow/sdk/transforms/display/HasDisplayData
instanceKlass sun/security/util/ManifestEntryVerifier
instanceKlass sun/security/util/DisabledAlgorithmConstraints$1
instanceKlass sun/security/util/DisabledAlgorithmConstraints$Constraint
instanceKlass java/util/regex/Matcher
instanceKlass java/util/regex/MatchResult
instanceKlass sun/security/util/DisabledAlgorithmConstraints$Constraints
instanceKlass java/util/ArrayList$SubList$1
instanceKlass java/util/ListIterator
instanceKlass java/util/Properties$LineReader
instanceKlass java/security/Security$1
instanceKlass java/security/Security
instanceKlass sun/security/util/AbstractAlgorithmConstraints$1
instanceKlass java/util/regex/ASCII
instanceKlass java/util/regex/Pattern$TreeInfo
instanceKlass java/util/regex/Pattern$Node
instanceKlass java/util/regex/Pattern
instanceKlass sun/security/util/AlgorithmDecomposer
instanceKlass sun/security/util/AbstractAlgorithmConstraints
instanceKlass java/security/AlgorithmConstraints
instanceKlass java/lang/Class$4
instanceKlass sun/security/util/SignatureFileVerifier
instanceKlass java/util/jar/JarVerifier$3
instanceKlass java/security/CodeSigner
instanceKlass java/util/jar/JarVerifier
instanceKlass java/util/jar/Attributes$Name
instanceKlass java/util/jar/Attributes
instanceKlass sun/misc/IOUtils
instanceKlass java/util/zip/ZStreamRef
instanceKlass java/util/zip/Inflater
instanceKlass java/util/zip/ZipEntry
instanceKlass sun/misc/ExtensionDependency
instanceKlass sun/misc/JarIndex
instanceKlass java/util/zip/ZipCoder
instanceKlass java/util/Deque
instanceKlass java/util/Queue
instanceKlass java/nio/charset/StandardCharsets
instanceKlass java/util/jar/JavaUtilJarAccessImpl
instanceKlass sun/misc/JavaUtilJarAccess
instanceKlass sun/misc/FileURLMapper
instanceKlass sun/misc/URLClassPath$JarLoader$1
instanceKlass java/lang/Class$MethodArray
instanceKlass sun/launcher/LauncherHelper$FXHelper
instanceKlass com/apester/assignment/CountWordsPipeline
instanceKlass java/io/FilePermission$1
instanceKlass sun/net/www/MessageHeader
instanceKlass java/net/URLConnection
instanceKlass java/security/PermissionCollection
instanceKlass sun/nio/ch/DirectBuffer
instanceKlass sun/misc/PerfCounter$CoreCounters
instanceKlass sun/misc/Perf
instanceKlass sun/misc/Perf$GetPerfAction
instanceKlass sun/misc/PerfCounter
instanceKlass sun/nio/ByteBuffered
instanceKlass java/lang/Package
instanceKlass sun/misc/Resource
instanceKlass sun/nio/cs/ThreadLocalCoders$Cache
instanceKlass sun/nio/cs/ThreadLocalCoders
instanceKlass java/util/zip/ZipFile$1
instanceKlass sun/misc/JavaUtilZipFileAccess
instanceKlass java/util/zip/ZipFile
instanceKlass java/util/zip/ZipConstants
instanceKlass sun/misc/URLClassPath$Loader
instanceKlass sun/misc/URLClassPath$3
instanceKlass sun/net/util/URLUtil
instanceKlass java/net/URLClassLoader$1
instanceKlass java/io/FileOutputStream$1
instanceKlass sun/usagetracker/UsageTrackerClient$3
instanceKlass java/lang/ProcessEnvironment$CheckedEntry
instanceKlass java/util/HashMap$HashIterator
instanceKlass java/lang/ProcessEnvironment$CheckedEntrySet$1
instanceKlass java/util/Collections$UnmodifiableMap
instanceKlass java/lang/ProcessEnvironment$EntryComparator
instanceKlass java/lang/ProcessEnvironment$NameComparator
instanceKlass sun/usagetracker/UsageTrackerClient$2
instanceKlass sun/usagetracker/UsageTrackerClient$4
instanceKlass sun/usagetracker/UsageTrackerClient$1
instanceKlass java/util/concurrent/atomic/AtomicBoolean
instanceKlass sun/usagetracker/UsageTrackerClient
instanceKlass sun/misc/PostVMInitHook
instanceKlass java/lang/invoke/MethodHandleStatics$1
instanceKlass java/lang/invoke/MethodHandleStatics
instanceKlass java/lang/invoke/MemberName$Factory
instanceKlass java/lang/ClassValue$Version
instanceKlass java/lang/ClassValue$Identity
instanceKlass java/lang/ClassValue
instanceKlass java/lang/invoke/MethodHandleImpl$3
instanceKlass java/lang/invoke/MethodHandleImpl$2
instanceKlass java/util/function/Function
instanceKlass java/lang/invoke/MethodHandleImpl$1
instanceKlass java/lang/invoke/MethodHandleImpl
instanceKlass java/lang/SystemClassLoaderAction
instanceKlass sun/misc/Launcher$AppClassLoader$1
instanceKlass sun/misc/URLClassPath
instanceKlass java/security/Principal
instanceKlass java/security/ProtectionDomain$Key
instanceKlass java/security/ProtectionDomain$2
instanceKlass sun/misc/JavaSecurityProtectionDomainAccess
instanceKlass java/security/ProtectionDomain$JavaSecurityAccessImpl
instanceKlass sun/misc/JavaSecurityAccess
instanceKlass java/net/URLStreamHandler
instanceKlass java/net/Parts
instanceKlass java/util/BitSet
instanceKlass sun/net/www/ParseUtil
instanceKlass java/io/FileInputStream$1
instanceKlass java/lang/CharacterData
instanceKlass sun/util/locale/LocaleUtils
instanceKlass java/util/Locale$LocaleKey
instanceKlass sun/util/locale/BaseLocale$Key
instanceKlass sun/util/locale/BaseLocale
instanceKlass java/util/concurrent/ConcurrentHashMap$CollectionView
instanceKlass java/util/concurrent/ConcurrentHashMap$CounterCell
instanceKlass java/util/concurrent/ConcurrentHashMap$Node
instanceKlass java/util/concurrent/locks/ReentrantLock
instanceKlass java/util/concurrent/locks/Lock
instanceKlass java/util/concurrent/ConcurrentMap
instanceKlass sun/util/locale/LocaleObjectCache
instanceKlass java/util/Locale
instanceKlass java/lang/reflect/Array
instanceKlass java/nio/charset/CoderResult$Cache
instanceKlass java/nio/charset/CoderResult
instanceKlass java/io/Reader
instanceKlass java/lang/Readable
instanceKlass sun/misc/MetaIndex
instanceKlass sun/misc/Launcher$ExtClassLoader$1
instanceKlass java/util/StringTokenizer
instanceKlass java/net/URLClassLoader$7
instanceKlass sun/misc/JavaNetAccess
instanceKlass java/lang/ClassLoader$ParallelLoaders
instanceKlass sun/security/util/Debug
instanceKlass sun/misc/Launcher$Factory
instanceKlass java/net/URLStreamHandlerFactory
instanceKlass java/lang/Compiler$1
instanceKlass java/lang/Compiler
instanceKlass java/lang/System$2
instanceKlass sun/misc/JavaLangAccess
instanceKlass sun/io/Win32ErrorMode
instanceKlass sun/misc/OSEnvironment
instanceKlass java/lang/Integer$IntegerCache
instanceKlass sun/misc/NativeSignalHandler
instanceKlass sun/misc/Signal
instanceKlass java/lang/Terminator$1
instanceKlass sun/misc/SignalHandler
instanceKlass java/lang/Terminator
instanceKlass java/lang/ClassLoader$NativeLibrary
instanceKlass java/io/ExpiringCache$Entry
instanceKlass java/lang/ClassLoader$3
instanceKlass java/lang/StringCoding$StringEncoder
instanceKlass java/nio/file/Path
instanceKlass java/nio/file/Watchable
instanceKlass java/lang/Enum
instanceKlass java/io/ExpiringCache
instanceKlass java/io/FileSystem
instanceKlass java/io/DefaultFileSystem
instanceKlass java/nio/Bits$1
instanceKlass sun/misc/JavaNioAccess
instanceKlass java/nio/ByteOrder
instanceKlass java/nio/Bits
instanceKlass java/nio/charset/CharsetEncoder
instanceKlass sun/nio/cs/ArrayEncoder
instanceKlass sun/security/action/GetPropertyAction
instanceKlass java/io/Writer
instanceKlass sun/reflect/misc/ReflectUtil
instanceKlass java/util/concurrent/atomic/AtomicReferenceFieldUpdater$AtomicReferenceFieldUpdaterImpl$1
instanceKlass java/security/PrivilegedExceptionAction
instanceKlass java/util/concurrent/atomic/AtomicReferenceFieldUpdater
instanceKlass java/io/OutputStream
instanceKlass java/io/Flushable
instanceKlass java/io/FileDescriptor$1
instanceKlass sun/misc/JavaIOFileDescriptorAccess
instanceKlass java/io/FileDescriptor
instanceKlass sun/misc/Version
instanceKlass java/lang/Runtime
instanceKlass java/util/Hashtable$Enumerator
instanceKlass java/util/Iterator
instanceKlass java/util/Enumeration
instanceKlass java/util/Objects
instanceKlass java/util/Collections$SynchronizedCollection
instanceKlass java/nio/charset/CodingErrorAction
instanceKlass java/nio/charset/CharsetDecoder
instanceKlass sun/nio/cs/ArrayDecoder
instanceKlass java/lang/StringCoding$StringDecoder
instanceKlass java/lang/ThreadLocal$ThreadLocalMap
instanceKlass java/lang/StringCoding
instanceKlass sun/nio/cs/SingleByte
instanceKlass sun/nio/cs/HistoricallyNamedCharset
instanceKlass java/util/TreeMap$Entry
instanceKlass sun/misc/ASCIICaseInsensitiveComparator
instanceKlass java/util/NavigableMap
instanceKlass java/util/SortedMap
instanceKlass sun/reflect/ReflectionFactory$1
instanceKlass java/lang/Class$1
instanceKlass java/nio/charset/Charset$ExtendedProviderHolder$1
instanceKlass java/nio/charset/Charset$ExtendedProviderHolder
instanceKlass java/util/Arrays
instanceKlass java/lang/reflect/ReflectAccess
instanceKlass sun/reflect/LangReflectAccess
instanceKlass java/lang/reflect/Modifier
instanceKlass sun/reflect/annotation/AnnotationType
instanceKlass java/lang/Class$AnnotationData
instanceKlass sun/reflect/generics/repository/AbstractRepository
instanceKlass java/lang/Class$Atomic
instanceKlass java/lang/Class$ReflectionData
instanceKlass java/lang/Class$3
instanceKlass java/lang/ThreadLocal
instanceKlass java/nio/charset/spi/CharsetProvider
instanceKlass java/nio/charset/Charset
instanceKlass java/lang/Math
instanceKlass java/util/Hashtable$Entry
instanceKlass sun/misc/VM
instanceKlass java/util/HashMap$Node
instanceKlass java/util/Map$Entry
instanceKlass sun/reflect/Reflection
instanceKlass sun/misc/SharedSecrets
instanceKlass java/lang/ref/Reference$1
instanceKlass sun/misc/JavaLangRefAccess
instanceKlass java/lang/ref/ReferenceQueue$Lock
instanceKlass java/lang/ref/ReferenceQueue
instanceKlass java/util/Collections$UnmodifiableCollection
instanceKlass java/util/AbstractMap
instanceKlass java/util/Set
instanceKlass java/util/Collections
instanceKlass java/lang/ref/Reference$Lock
instanceKlass sun/reflect/ReflectionFactory
instanceKlass java/util/AbstractCollection
instanceKlass java/util/RandomAccess
instanceKlass java/util/List
instanceKlass java/util/Collection
instanceKlass java/lang/Iterable
instanceKlass java/security/cert/Certificate
instanceKlass sun/reflect/ReflectionFactory$GetReflectionFactoryAction
instanceKlass java/security/PrivilegedAction
instanceKlass java/security/AccessController
instanceKlass java/security/Permission
instanceKlass java/security/Guard
instanceKlass java/lang/String$CaseInsensitiveComparator
instanceKlass java/util/Comparator
instanceKlass java/io/ObjectStreamField
instanceKlass java/lang/Number
instanceKlass java/lang/Character
instanceKlass java/lang/Boolean
instanceKlass java/nio/Buffer
instanceKlass java/lang/StackTraceElement
instanceKlass java/security/CodeSource
instanceKlass sun/misc/Launcher
instanceKlass java/util/jar/Manifest
instanceKlass java/net/URL
instanceKlass java/io/File
instanceKlass java/io/InputStream
instanceKlass java/io/Closeable
instanceKlass java/lang/AutoCloseable
instanceKlass sun/misc/Unsafe
instanceKlass java/lang/AbstractStringBuilder
instanceKlass java/lang/Appendable
instanceKlass java/lang/invoke/CallSite
instanceKlass java/lang/invoke/MethodType
instanceKlass java/lang/invoke/LambdaForm
instanceKlass java/lang/invoke/MethodHandleNatives
instanceKlass java/lang/invoke/MemberName
instanceKlass java/lang/invoke/MethodHandle
instanceKlass sun/reflect/CallerSensitive
instanceKlass java/lang/annotation/Annotation
instanceKlass sun/reflect/FieldAccessor
instanceKlass sun/reflect/ConstantPool
instanceKlass sun/reflect/ConstructorAccessor
instanceKlass sun/reflect/MethodAccessor
instanceKlass sun/reflect/MagicAccessorImpl
instanceKlass java/lang/reflect/Parameter
instanceKlass java/lang/reflect/Member
instanceKlass java/lang/reflect/AccessibleObject
instanceKlass java/util/Dictionary
instanceKlass java/util/Map
instanceKlass java/lang/ThreadGroup
instanceKlass java/lang/Thread$UncaughtExceptionHandler
instanceKlass java/lang/Thread
instanceKlass java/lang/Runnable
instanceKlass java/lang/ref/Reference
instanceKlass java/security/AccessControlContext
instanceKlass java/security/ProtectionDomain
instanceKlass java/lang/SecurityManager
instanceKlass java/lang/Throwable
instanceKlass java/lang/System
instanceKlass java/lang/ClassLoader
instanceKlass java/lang/Cloneable
instanceKlass java/lang/Class
instanceKlass java/lang/reflect/Type
instanceKlass java/lang/reflect/GenericDeclaration
instanceKlass java/lang/reflect/AnnotatedElement
instanceKlass java/lang/String
instanceKlass java/lang/CharSequence
instanceKlass java/lang/Comparable
instanceKlass java/io/Serializable
ciInstanceKlass java/lang/Object 1 1 78 3 8 8 8 1 1 1 1 1 1 1 1 1 1 1 1 1 1 1 1 1 1 1 1 1 1 1 1 1 1 1 1 1 1 1 1 1 1 1 1 1 1 1 1 1 7 7 100 7 7 7 7 7 1 1 1 12 12 12 12 12 12 12 12 12 12 10 10 10 10 10 10 10 10 10 10 1
ciInstanceKlass java/io/Serializable 1 0 7 1 1 1 100 100 1
ciInstanceKlass java/lang/CharSequence 1 1 89 1 1 1 1 1 1 1 1 1 1 1 1 1 1 1 1 1 1 1 1 1 1 1 1 1 1 1 1 1 1 1 1 1 1 1 1 1 1 100 100 100 100 100 100 100 100 100 100 100 100 100 1 1 1 1 1 1 1 1 1 12 12 12 12 12 12 12 12 12 10 10 10 10 10 10 11 11 11 15 15 15 16 16 18 18 1 1 1
ciInstanceKlass java/lang/String 1 1 540 3 3 3 3 8 8 8 8 8 8 8 8 8 8 1 1 1 1 1 1 1 1 1 1 1 1 1 1 1 1 1 1 1 1 1 1 1 1 1 1 1 1 1 1 1 1 1 1 1 1 1 1 1 1 1 1 1 1 1 1 1 1 1 1 1 1 1 1 1 1 1 1 1 1 1 1 1 1 1 1 1 1 1 1 1 1 1 1 1 1 1 1 1 1 1 1 1 1 1 1 1 1 1 1 1 1 1 1 1 1 1 1 1 1 1 1 1 1 1 1 1 1 1 1 1 1 1 1 1 1 1 1 1 1 1 1 1 1 1 1 1 1 1 1 1 1 1 1 1 1 1 1 1 1 1 1 1 1 1 1 1 1 1 1 1 1 1 1 1 1 1 1 1 1 1 1 1 1 1 1 1 1 1 1 1 1 1 1 1 1 1 1 1 1 1 1 1 1 1 1 1 1 1 1 1 1 1 1 1 1 1 1 1 5 0 100 100 100 100 7 7 100 7 100 7 7 100 100 7 100 100 100 100 100 100 7 100 7 7 100 7 100 100 7 100 7 100 100 7 7 7 7 100 7 7 100 100 7 7 1 1 1 1 1 1 1 1 1 1 1 1 1 1 1 1 1 1 1 1 1 1 1 1 1 1 1 1 1 1 1 1 1 1 1 1 1 1 1 1 1 1 1 1 1 1 1 1 1 1 1 1 1 1 1 1 1 1 1 1 1 12 12 12 12 12 12 12 12 12 12 12 12 12 12 12 12 12 12 12 12 12 12 12 12 12 12 12 12 12 12 12 12 12 12 12 12 12 12 12 12 12 12 12 12 12 12 12 12 12 12 12 12 12 12 12 12 12 12 12 12 12 12 12 12 12 12 12 12 12 12 12 12 12 12 12 12 12 12 12 12 12 12 12 12 12 12 12 12 12 12 12 12 12 12 12 12 12 12 12 12 12 9 9 9 9 10 10 10 10 10 10 10 10 10 10 10 10 10 10 10 10 10 10 10 10 10 10 10 10 10 10 10 10 10 10 10 10 10 10 10 10 10 10 10 10 10 10 10 10 10 10 10 10 10 10 10 10 10 10 10 10 10 10 10 10 10 10 10 10 10 10 10 10 10 10 10 10 10 10 10 10 10 10 10 10 10 10 10 10 10 10 10 10 10 10 10 10 10 10 10 10 10 10 10 10 10 10 10 10 11 11 11 11 11 11 11 11 1 1
staticfield java/lang/String serialPersistentFields [Ljava/io/ObjectStreamField; 0 [Ljava/io/ObjectStreamField;
staticfield java/lang/String CASE_INSENSITIVE_ORDER Ljava/util/Comparator; java/lang/String$CaseInsensitiveComparator
ciInstanceKlass java/lang/Class 1 1 1190 8 8 8 8 8 8 8 8 8 8 8 8 8 8 8 8 8 8 7 1 1 1 1 1 1 1 1 1 1 1 1 1 1 1 1 1 1 1 1 1 1 1 1 1 1 1 1 1 1 1 1 1 1 1 1 1 1 1 1 1 1 1 1 1 1 1 1 1 1 1 1 1 1 1 1 1 1 1 1 1 1 1 1 1 1 1 1 1 1 1 1 1 1 1 1 1 1 1 1 1 1 1 1 1 1 1 1 1 1 1 1 1 1 1 1 1 1 1 1 1 1 1 1 1 1 1 1 1 1 1 1 1 1 1 1 1 1 1 1 1 1 1 1 1 1 1 1 1 1 1 1 1 1 1 1 1 1 1 1 1 1 1 1 1 1 1 1 1 1 1 1 1 1 1 1 1 1 1 1 1 1 1 1 1 1 1 1 1 1 1 1 1 1 1 1 1 1 1 1 1 1 1 1 1 1 1 1 1 1 1 1 1 1 1 1 1 1 1 1 1 1 1 1 1 1 1 1 1 1 1 1 1 1 1 1 1 1 1 1 1 1 1 1 1 1 1 1 1 1 1 1 1 1 1 1 1 1 1 1 1 1 1 1 1 1 1 1 1 1 1 1 1 1 1 1 1 1 1 1 1 1 1 1 1 1 1 1 1 1 1 1 1 1 1 1 1 1 1 1 1 1 1 1 1 1 1 1 1 1 1 1 1 1 1 1 1 1 1 1 1 1 1 1 1 1 1 1 1 1 1 1 1 1 1 1 1 1 1 1 1 1 1 1 1 1 1 1 1 1 1 1 1 1 1 1 1 1 1 1 1 1 1 1 1 1 1 1 1 1 1 1 1 1 1 1 1 1 1 1 1 1 1 1 1 1 1 1 1 1 1 1 1 1 1 1 1 1 1 1 1 1 1 1 1 1 1 1 1 1 1 1 1 1 1 1 1 1 1 1 1 1 3 3 3 5 0 8 8 8 8 8 7 7 7 100 100 100 7 7 100 7 100 7 7 7 7 7 7 7 100 7 100 100 100 7 100 100 100 100 100 100 7 7 7 7 100 100 100 7 7 7 100 100 7 7 100 100 7 7 7 100 100 7 7 100 100 7 7 7 7 100 100 7 100 7 100 100 7 100 7 7 100 100 7 7 7 7 100 100 100 7 7 7 7 7 100 7 1 1 1 1 1 1 1 1 1 1 1 1 1 1 1 1 1 1 1 1 1 1 1 1 1 1 1 1 1 1 1 1 1 1 1 1 1 1 1 1 1 1 1 1 1 1 1 1 1 1 1 1 1 1 1 1 1 1 1 1 1 1 1 1 1 1 1 1 1 1 1 1 1 1 1 1 1 1 1 1 1 1 1 1 1 1 1 1 1 1 1 1 1 1 1 1 1 1 1 1 1 1 1 1 1 1 1 1 1 1 1 1 1 1 1 1 1 1 1 1 1 1 1 1 1 1 1 1 1 1 1 1 1 1 1 1 1 1 1 1 1 1 1 1 1 1 1 1 1 1 1 1 1 1 1 1 1 1 1 1 1 1 1 1 1 1 1 12 12 12 12 12 12 12 12 12 12 12 12 12 12 12 12 12 12 12 12 12 12 12 12 12 12 12 12 12 12 12 12 12 12 12 12 12 12 12 12 12 12 12 12 12 12 12 12 12 12 12 12 12 12 12 12 12 12 12 12 12 12 12 12 12 12 12 12 12 12 12 12 12 12 12 12 12 12 12 12 12 12 12 12 12 12 12 12 12 12 12 12 12 12 12 12 12 12 12 12 12 12 12 12 12 12 12 12 12 12 12 12 12 12 12 12 12 12 12 12 12 12 12 12 12 12 12 12 12 12 12 12 12 12 12 12 12 12 12 12 12 12 12 12 12 12 12 12 12 12 12 12 12 12 12 12 12 12 12 12 12 12 12 12 12 12 12 12 12 12 12 12 12 12 12 12 12 12 12 12 12 12 12 12 12 12 12 12 12 12 12 12 12 12 12 12 12 12 12 12 12 12 12 12 12 12 12 12 12 12 12 12 12 12 12 12 12 12 12 12 12 12 12 12 12 12 12 12 12 12 12 12 9 9 9 9 9 9 9 9 9 9 9 9 9 9 9 9 9 9 9 9 9 9 9 9 9 9 9 9 9 9 9 9 9 9 9 9 9 10 10 10 10 10 10 10 10 10 10 10 10 10 10 10 10 10 10 10 10 10 10 10 10 10 10 10 10 10 10 10 10 10 10 10 10 10 10 10 10 10 10 10 10 10 10 10 10 10 10 10 10 10 10 10 10 10 10 10 10 10 10 10 10 10 10 10 10 10 10 10 10 10 10 10 10 10 10 10 10 10 10 10 10 10 10 10 10 10 10 10 10 10 10 10 10 10 10 10 10 10 10 10 10 10 10 10 10 10 10 10 10 10 10 10 10 10 10 10 10 10 10 10 10 10 10 10 10 10 10 10 10 10 10 10 10 10 10 10 10 10 10 10 10 10 10 10 10 10 10 10 10 10 10 10 10 10 10 10 10 10 10 10 10 10 10 10 10 10 10 10 10 10 10 10 10 10 10 10 10 10 10 10 10 10 10 10 10 10 10 10 10 10 10 10 10 10 10 10 10 10 10 10 10 10 10 10 10 10 10 11 11 11 11 11 11 11 11 11 11 11 11 11 11 11 11 11 11 1 1 1 1 1 1 1 1
staticfield java/lang/Class serialPersistentFields [Ljava/io/ObjectStreamField; 0 [Ljava/io/ObjectStreamField;
ciInstanceKlass java/lang/Cloneable 1 0 7 1 1 1 100 100 1
instanceKlass java/util/ResourceBundle$RBClassLoader
instanceKlass sun/reflect/DelegatingClassLoader
instanceKlass java/security/SecureClassLoader
ciInstanceKlass java/lang/ClassLoader 1 1 842 8 8 8 8 8 8 8 8 8 8 8 8 8 8 8 8 8 8 7 1 1 1 1 1 1 1 1 1 1 1 1 1 1 1 1 1 1 1 1 1 1 1 1 1 1 1 1 1 1 1 1 1 1 1 1 1 1 1 1 1 1 1 1 1 1 1 1 1 1 1 1 1 1 1 1 1 1 1 1 1 1 1 1 1 1 1 1 1 1 1 1 1 1 1 1 1 1 1 1 1 1 1 1 1 1 1 1 1 1 1 1 1 1 1 1 1 1 1 1 1 1 1 1 1 1 1 1 1 1 1 1 1 1 1 1 1 1 1 1 1 1 1 1 1 1 1 1 1 1 1 1 1 1 1 1 1 1 1 1 1 1 1 1 1 1 1 1 1 1 1 1 1 1 1 1 1 1 1 1 1 1 1 1 1 1 1 1 1 1 1 1 1 1 1 1 1 1 1 1 1 1 1 1 1 1 1 1 1 1 1 1 1 1 1 1 1 1 1 1 1 1 1 1 1 1 1 1 1 1 1 1 1 1 1 1 1 1 1 1 1 1 1 1 1 1 1 1 1 1 1 1 1 1 1 1 1 1 1 1 1 1 1 1 1 1 1 1 1 1 1 1 1 1 1 1 1 1 1 1 1 1 1 1 1 1 1 1 1 1 1 1 1 1 1 1 1 1 1 100 100 100 7 7 7 100 100 100 100 7 100 100 7 7 7 7 100 7 100 100 100 100 7 7 100 100 7 100 7 7 100 100 100 100 7 100 100 7 7 100 7 7 100 7 7 7 7 7 100 7 7 7 7 7 7 7 100 7 7 7 100 100 1 1 1 1 1 1 1 1 1 1 1 1 1 1 1 1 1 1 1 1 1 1 1 1 1 1 1 1 1 1 1 1 1 1 1 1 1 1 1 1 1 1 1 1 1 1 1 1 1 1 1 1 1 1 1 1 1 1 1 1 1 1 1 1 1 1 1 1 1 1 1 1 1 1 1 1 1 1 1 1 1 1 1 1 1 1 1 1 1 1 1 1 1 1 1 1 1 1 1 1 1 1 1 1 1 1 1 1 1 1 1 1 1 1 12 12 12 12 12 12 12 12 12 12 12 12 12 12 12 12 12 12 12 12 12 12 12 12 12 12 12 12 12 12 12 12 12 12 12 12 12 12 12 12 12 12 12 12 12 12 12 12 12 12 12 12 12 12 12 12 12 12 12 12 12 12 12 12 12 12 12 12 12 12 12 12 12 12 12 12 12 12 12 12 12 12 12 12 12 12 12 12 12 12 12 12 12 12 12 12 12 12 12 12 12 12 12 12 12 12 12 12 12 12 12 12 12 12 12 12 12 12 12 12 12 12 12 12 12 12 12 12 12 12 12 12 12 12 12 12 12 12 12 12 12 12 12 12 12 12 12 12 12 12 12 12 12 12 12 12 12 12 12 12 12 12 12 12 12 12 12 12 12 9 9 9 9 9 9 9 9 9 9 9 9 9 9 9 9 9 9 9 9 9 9 9 9 9 9 9 9 9 10 10 10 10 10 10 10 10 10 10 10 10 10 10 10 10 10 10 10 10 10 10 10 10 10 10 10 10 10 10 10 10 10 10 10 10 10 10 10 10 10 10 10 10 10 10 10 10 10 10 10 10 10 10 10 10 10 10 10 10 10 10 10 10 10 10 10 10 10 10 10 10 10 10 10 10 10 10 10 10 10 10 10 10 10 10 10 10 10 10 10 10 10 10 10 10 10 10 10 10 10 10 10 10 10 10 10 10 10 10 10 10 10 10 10 10 10 10 10 10 10 10 10 10 10 10 10 10 10 10 10 10 10 10 10 10 10 10 10 10 10 10 10 10 10 10 10 10 10 10 10 10 10 10 10 10 10 10 10 10 11 11 11 11 11 11 1 1
staticfield java/lang/ClassLoader nocerts [Ljava/security/cert/Certificate; 0 [Ljava/security/cert/Certificate;
ciInstanceKlass java/lang/System 1 1 369 8 8 8 8 8 8 8 8 8 8 8 8 8 7 1 1 1 1 1 1 1 1 1 1 1 1 1 1 1 1 1 1 1 1 1 1 1 1 1 1 1 1 1 1 1 1 1 1 1 1 1 1 1 1 1 1 1 1 1 1 1 1 1 1 1 1 1 1 1 1 1 1 1 1 1 1 1 1 1 1 1 1 1 1 1 1 1 1 1 1 1 1 1 1 1 1 1 1 1 1 1 1 1 1 1 1 1 1 1 1 1 1 1 1 1 1 1 1 1 1 1 1 1 1 1 1 1 1 1 1 1 1 1 1 1 1 1 1 1 1 1 1 1 1 1 1 1 1 1 1 1 7 7 7 7 7 100 7 100 100 100 100 100 100 7 7 100 100 7 100 100 7 7 7 7 100 100 100 7 100 100 7 7 7 7 1 1 1 1 1 1 1 1 1 1 1 1 1 1 1 1 1 1 1 1 1 1 1 1 1 1 1 1 1 1 1 1 1 1 1 1 1 1 1 1 12 12 12 12 12 12 12 12 12 12 12 12 12 12 12 12 12 12 12 12 12 12 12 12 12 12 12 12 12 12 12 12 12 12 12 12 12 12 12 12 12 12 12 12 12 12 12 12 12 12 12 12 12 12 12 12 12 12 12 12 12 12 12 12 12 12 12 12 9 9 9 9 9 9 9 9 9 9 10 10 10 10 10 10 10 10 10 10 10 10 10 10 10 10 10 10 10 10 10 10 10 10 10 10 10 10 10 10 10 10 10 10 10 10 10 10 10 10 10 10 10 10 10 10 10 10 10 10 10 10 10 10 10 10 10 10 10 10 10 10 10 11 1
staticfield java/lang/System in Ljava/io/InputStream; java/io/BufferedInputStream
staticfield java/lang/System out Ljava/io/PrintStream; java/io/PrintStream
staticfield java/lang/System err Ljava/io/PrintStream; java/io/PrintStream
instanceKlass com/google/cloud/dataflow/sdk/coders/Coder$NonDeterministicException
instanceKlass java/lang/Exception
instanceKlass java/lang/Error
ciInstanceKlass java/lang/Throwable 1 1 327 8 8 8 8 8 8 8 8 8 8 8 8 8 8 8 8 8 7 1 1 1 1 1 1 1 1 1 1 1 1 1 1 1 1 1 1 1 1 1 1 1 1 1 1 1 1 1 1 1 1 1 1 1 1 1 1 1 1 1 1 1 1 1 1 1 1 1 1 1 1 1 1 1 1 1 1 1 1 1 1 1 1 1 1 1 1 1 1 1 1 1 1 1 1 1 1 1 1 1 1 1 1 1 1 1 1 1 1 1 1 1 1 1 1 1 1 1 1 1 1 1 1 1 1 1 1 1 1 1 1 1 1 1 1 1 1 1 1 1 1 1 1 1 1 1 1 5 0 7 100 100 100 100 100 100 7 100 100 100 100 7 7 100 100 100 100 100 100 100 100 100 7 7 100 100 100 100 100 1 1 1 1 1 1 1 1 1 1 1 1 1 1 1 1 1 1 1 1 1 1 1 1 1 1 1 1 12 12 12 12 12 12 12 12 12 12 12 12 12 12 12 12 12 12 12 12 12 12 12 12 12 12 12 12 12 12 12 12 12 12 12 12 12 12 12 12 12 12 12 12 12 12 12 12 12 12 12 12 12 12 9 9 9 9 9 9 9 9 9 9 9 9 10 10 10 10 10 10 10 10 10 10 10 10 10 10 10 10 10 10 10 10 10 10 10 10 10 10 10 10 10 10 10 10 10 10 10 10 10 10 10 10 10 11 11 11 11 11 11 11 11 1 1 1 1 1
staticfield java/lang/Throwable UNASSIGNED_STACK [Ljava/lang/StackTraceElement; 0 [Ljava/lang/StackTraceElement;
staticfield java/lang/Throwable SUPPRESSED_SENTINEL Ljava/util/List; java/util/Collections$UnmodifiableRandomAccessList
staticfield java/lang/Throwable EMPTY_THROWABLE_ARRAY [Ljava/lang/Throwable; 0 [Ljava/lang/Throwable;
staticfield java/lang/Throwable $assertionsDisabled Z 1
instanceKlass org/xerial/snappy/SnappyError
instanceKlass java/lang/AssertionError
instanceKlass java/lang/VirtualMachineError
instanceKlass java/lang/LinkageError
instanceKlass java/lang/ThreadDeath
ciInstanceKlass java/lang/Error 1 1 30 1 1 1 1 1 1 1 1 1 1 1 1 5 0 100 7 1 1 12 12 12 12 12 10 10 10 10 10 1
ciInstanceKlass java/lang/ThreadDeath 0 0 18 1 1 1 1 1 1 1 1 1 1 5 0 100 100 12 10 1
instanceKlass java/lang/CloneNotSupportedException
instanceKlass com/google/cloud/dataflow/sdk/coders/CannotProvideCoderException
instanceKlass java/util/concurrent/ExecutionException
instanceKlass java/text/ParseException
instanceKlass java/beans/IntrospectionException
instanceKlass java/security/PrivilegedActionException
instanceKlass java/io/IOException
instanceKlass java/lang/InterruptedException
instanceKlass java/lang/ReflectiveOperationException
instanceKlass java/lang/RuntimeException
ciInstanceKlass java/lang/Exception 1 1 30 1 1 1 1 1 1 1 1 1 1 1 1 5 0 100 7 1 1 12 12 12 12 12 10 10 10 10 10 1
instanceKlass com/google/cloud/dataflow/sdk/coders/CoderRegistry$IncompatibleCoderException
instanceKlass com/google/cloud/dataflow/sdk/util/IllegalMutationException
instanceKlass java/lang/invoke/WrongMethodTypeException
instanceKlass com/google/cloud/dataflow/sdk/Pipeline$PipelineExecutionException
instanceKlass com/google/cloud/dataflow/sdk/util/UserCodeException
instanceKlass java/util/ConcurrentModificationException
instanceKlass java/lang/reflect/UndeclaredThrowableException
instanceKlass java/lang/IndexOutOfBoundsException
instanceKlass java/lang/UnsupportedOperationException
instanceKlass java/util/NoSuchElementException
instanceKlass java/lang/SecurityException
instanceKlass java/lang/IllegalStateException
instanceKlass java/lang/IllegalArgumentException
instanceKlass java/lang/ArithmeticException
instanceKlass java/lang/NullPointerException
instanceKlass java/lang/IllegalMonitorStateException
instanceKlass java/lang/ArrayStoreException
instanceKlass java/lang/ClassCastException
ciInstanceKlass java/lang/RuntimeException 1 1 30 1 1 1 1 1 1 1 1 1 1 1 1 5 0 7 100 1 1 12 12 12 12 12 10 10 10 10 10 1
ciInstanceKlass java/lang/SecurityManager 0 0 375 8 8 8 8 8 8 8 8 8 8 8 8 8 8 8 8 8 8 8 8 8 8 8 8 8 8 8 8 8 8 8 8 8 8 8 8 100 1 1 1 1 1 1 1 1 1 1 1 1 1 1 1 1 1 1 1 1 1 1 1 1 1 1 1 1 1 1 1 1 1 1 1 1 1 1 1 1 1 1 1 1 1 1 1 1 1 1 1 1 1 1 1 1 1 1 1 1 1 1 1 1 1 1 1 1 1 1 1 1 1 1 1 1 1 1 1 1 1 1 1 1 1 1 1 1 1 1 1 1 1 1 1 1 1 1 1 1 1 1 1 1 1 1 1 1 1 1 1 1 1 1 1 1 1 1 1 1 1 1 1 1 1 1 1 1 1 1 1 1 1 1 1 1 1 1 1 1 1 1 1 1 1 1 1 1 1 1 1 1 1 1 1 1 1 1 1 1 1 1 1 1 100 100 100 100 100 100 100 100 100 100 100 100 100 100 100 100 100 100 100 100 100 100 100 100 100 100 100 100 1 1 1 1 1 1 1 1 1 1 1 1 1 1 1 1 1 1 1 1 1 1 1 1 1 1 1 1 1 1 1 12 12 12 12 12 12 12 12 12 12 12 12 12 12 12 12 12 12 12 12 12 12 12 12 12 12 12 12 12 12 12 12 12 12 12 12 12 12 12 12 12 12 12 12 12 12 12 12 12 12 12 9 9 9 9 9 9 9 9 9 9 9 9 9 9 9 9 9 10 10 10 10 10 10 10 10 10 10 10 10 10 10 10 10 10 10 10 10 10 10 10 10 10 10 10 10 10 10 10 10 10 10 10 10 10 10 10 10 10 10 10 10 10 1
ciInstanceKlass java/security/ProtectionDomain 1 1 278 8 8 8 8 8 8 8 8 8 8 1 1 1 1 1 1 1 1 1 1 1 1 1 1 1 1 1 1 1 1 1 1 1 1 1 1 1 1 1 1 1 1 1 1 1 1 1 1 1 1 1 1 1 1 1 1 1 1 1 1 1 1 1 1 1 1 1 1 1 1 1 1 1 1 1 1 1 1 1 1 1 1 1 1 1 1 1 1 1 1 1 1 1 1 1 1 1 1 1 1 1 1 1 1 1 1 1 1 1 1 1 100 100 100 7 100 100 100 100 100 100 100 100 100 7 7 100 7 7 100 7 7 7 100 100 100 100 100 7 7 100 1 1 1 1 1 1 1 1 1 1 1 1 1 1 1 1 1 1 1 1 1 1 1 1 1 1 1 1 1 12 12 12 12 12 12 12 12 12 12 12 12 12 12 12 12 12 12 12 12 12 12 12 12 12 12 12 12 12 12 12 12 12 12 12 12 12 12 12 12 12 12 12 12 12 12 12 12 9 9 9 9 9 9 9 9 9 9 9 10 10 10 10 10 10 10 10 10 10 10 10 10 10 10 10 10 10 10 10 10 10 10 10 10 10 10 10 10 10 10 10 10 10 10 10 10 11 11 11 11 11 11 11 1 1 1 1
staticfield java/security/ProtectionDomain debug Lsun/security/util/Debug; null
ciInstanceKlass java/security/AccessControlContext 1 1 305 8 8 8 8 8 8 8 8 8 8 8 8 8 7 1 1 1 1 1 1 1 1 1 1 1 1 1 1 1 1 1 1 1 1 1 1 1 1 1 1 1 1 1 1 1 1 1 1 1 1 1 1 1 1 1 1 1 1 1 1 1 1 1 1 1 1 1 1 1 1 1 1 1 1 1 1 1 1 1 1 1 1 1 1 1 1 1 1 1 1 1 1 1 1 1 1 1 1 1 1 1 1 1 1 1 1 1 1 1 1 1 1 1 1 1 1 1 1 1 1 1 1 1 100 100 100 100 7 100 100 100 100 100 7 100 100 7 100 100 7 100 7 100 100 100 100 1 1 1 1 1 1 1 1 1 1 1 1 1 1 1 1 1 1 1 1 1 1 1 1 1 1 1 1 1 1 1 1 1 1 12 12 12 12 12 12 12 12 12 12 12 12 12 12 12 12 12 12 12 12 12 12 12 12 12 12 12 12 12 12 12 12 12 12 12 12 12 12 12 12 12 12 12 12 12 12 12 12 12 12 12 12 12 12 12 12 12 12 9 9 9 9 9 9 9 9 9 9 9 9 9 9 10 10 10 10 10 10 10 10 10 10 10 10 10 10 10 10 10 10 10 10 10 10 10 10 10 10 10 10 10 10 10 10 10 10 10 10 10 10 10 10 10 10 10 10 10 11 11 11 11 11 11 1
instanceKlass java/net/URLClassLoader
ciInstanceKlass java/security/SecureClassLoader 1 1 130 8 8 8 8 1 1 1 1 1 1 1 1 1 1 1 1 1 1 1 1 1 1 1 1 1 1 1 1 1 1 1 1 1 1 1 1 1 1 1 1 1 1 1 1 1 1 1 1 1 1 7 100 100 100 100 7 100 7 7 7 7 7 1 1 1 1 1 1 1 1 1 1 1 1 1 1 1 1 1 1 12 12 12 12 12 12 12 12 12 12 12 12 12 12 12 12 12 12 12 12 12 12 12 9 9 9 10 10 10 10 10 10 10 10 10 10 10 10 10 10 10 10 10 10 10 10 10 10 1
staticfield java/security/SecureClassLoader debug Lsun/security/util/Debug; null
instanceKlass java/lang/IllegalAccessException
instanceKlass java/lang/InstantiationException
instanceKlass java/lang/reflect/InvocationTargetException
instanceKlass java/lang/NoSuchFieldException
instanceKlass java/lang/NoSuchMethodException
instanceKlass java/lang/ClassNotFoundException
ciInstanceKlass java/lang/ReflectiveOperationException 1 1 27 1 1 1 1 1 1 1 1 1 1 1 1 5 0 7 100 1 12 12 12 12 10 10 10 10 1
ciInstanceKlass java/lang/ClassNotFoundException 1 1 32 1 1 1 1 1 1 1 1 1 1 1 1 1 1 1 1 5 0 100 7 100 1 1 1 12 12 12 9 10 10 1
instanceKlass java/lang/ExceptionInInitializerError
instanceKlass java/lang/IncompatibleClassChangeError
instanceKlass java/lang/BootstrapMethodError
instanceKlass java/lang/NoClassDefFoundError
ciInstanceKlass java/lang/LinkageError 1 1 24 1 1 1 1 1 1 1 1 1 1 1 5 0 7 100 1 12 12 12 10 10 10 1
ciInstanceKlass java/lang/NoClassDefFoundError 0 0 21 1 1 1 1 1 1 1 1 1 1 1 5 0 100 100 12 12 10 10 1
ciInstanceKlass java/lang/ClassCastException 1 1 21 1 1 1 1 1 1 1 1 1 1 1 5 0 100 100 12 12 10 10 1
ciInstanceKlass java/lang/ArrayStoreException 1 1 21 1 1 1 1 1 1 1 1 1 1 1 5 0 100 100 12 12 10 10 1
instanceKlass java/lang/InternalError
instanceKlass java/lang/StackOverflowError
instanceKlass java/lang/OutOfMemoryError
ciInstanceKlass java/lang/VirtualMachineError 1 1 27 1 1 1 1 1 1 1 1 1 1 1 1 5 0 100 100 1 12 12 12 12 10 10 10 10 1
ciInstanceKlass java/lang/OutOfMemoryError 1 1 21 1 1 1 1 1 1 1 1 1 1 1 5 0 100 100 12 12 10 10 1
ciInstanceKlass java/lang/StackOverflowError 1 1 21 1 1 1 1 1 1 1 1 1 1 1 5 0 100 100 12 12 10 10 1
ciInstanceKlass java/lang/IllegalMonitorStateException 1 1 21 1 1 1 1 1 1 1 1 1 1 1 5 0 100 100 12 12 10 10 1
instanceKlass java/lang/ref/PhantomReference
instanceKlass java/lang/ref/FinalReference
instanceKlass java/lang/ref/WeakReference
instanceKlass java/lang/ref/SoftReference
ciInstanceKlass java/lang/ref/Reference 1 1 134 8 1 1 1 1 1 1 1 1 1 1 1 1 1 1 1 1 1 1 1 1 1 1 1 1 1 1 1 1 1 1 1 1 1 1 1 1 1 1 1 1 1 1 1 1 1 1 1 1 1 1 1 1 1 1 1 100 7 100 7 7 100 7 7 7 7 7 7 7 1 1 1 1 1 1 1 1 1 1 1 1 1 1 1 1 12 12 12 12 12 12 12 12 12 12 12 12 12 12 12 12 12 12 12 12 12 12 9 9 9 9 9 9 9 10 10 10 10 10 10 10 10 10 10 10 10 10 10 10 10 1 1 1
instanceKlass java/lang/invoke/LambdaFormEditor$Transform
instanceKlass sun/util/locale/provider/LocaleResources$ResourceReference
instanceKlass java/util/ResourceBundle$BundleReference
instanceKlass sun/util/locale/LocaleObjectCache$CacheEntry
ciInstanceKlass java/lang/ref/SoftReference 1 1 35 1 1 1 1 1 1 1 1 1 1 1 1 1 1 1 1 100 7 7 1 1 1 1 12 12 12 12 12 9 9 10 10 10 1
instanceKlass java/lang/invoke/MethodType$ConcurrentWeakInternSet$WeakEntry
instanceKlass java/io/ObjectStreamClass$FieldReflectorKey
instanceKlass java/io/ObjectStreamClass$WeakClassKey
instanceKlass java/lang/reflect/Proxy$Key2
instanceKlass java/util/ResourceBundle$LoaderReference
instanceKlass java/lang/reflect/WeakCache$CacheValue
instanceKlass java/lang/reflect/Proxy$Key1
